<?xml version="1.0" encoding="UTF-8"?>
<coverage generated="1541771663833" clover="3.2.0">
  <project timestamp="1541771663833" name="All files">
    <metrics statements="453" coveredstatements="263" conditionals="73" coveredconditionals="17" methods="131" coveredmethods="66" elements="657" coveredelements="346" complexity="0" loc="453" ncloc="453" packages="10" files="24" classes="24">
      <package name="lib">
        <metrics statements="47" coveredstatements="47" conditionals="0" coveredconditionals="0" methods="5" coveredmethods="5"/>
        <file name="app.ts" path="/Users/mkleen/Code/LuQS/server/lib/app.ts">
          <metrics statements="10" coveredstatements="10" conditionals="0" coveredconditionals="0" methods="2" coveredmethods="2"/>
          <line num="1" count="4" type="stmt"/>
          <line num="2" count="4" type="stmt"/>
          <line num="3" count="4" type="stmt"/>
          <line num="8" count="4" type="stmt"/>
          <line num="11" count="4" type="stmt"/>
          <line num="12" count="4" type="stmt"/>
          <line num="13" count="4" type="stmt"/>
          <line num="18" count="4" type="stmt"/>
          <line num="19" count="4" type="stmt"/>
          <line num="24" count="4" type="stmt"/>
        </file>
        <file name="router.ts" path="/Users/mkleen/Code/LuQS/server/lib/router.ts">
          <metrics statements="37" coveredstatements="37" conditionals="0" coveredconditionals="0" methods="3" coveredmethods="3"/>
          <line num="2" count="4" type="stmt"/>
          <line num="3" count="4" type="stmt"/>
          <line num="4" count="4" type="stmt"/>
          <line num="5" count="4" type="stmt"/>
          <line num="6" count="4" type="stmt"/>
          <line num="7" count="4" type="stmt"/>
          <line num="8" count="4" type="stmt"/>
          <line num="10" count="4" type="stmt"/>
          <line num="11" count="4" type="stmt"/>
          <line num="12" count="4" type="stmt"/>
          <line num="13" count="4" type="stmt"/>
          <line num="14" count="4" type="stmt"/>
          <line num="15" count="4" type="stmt"/>
          <line num="17" count="4" type="stmt"/>
          <line num="19" count="4" type="stmt"/>
          <line num="20" count="4" type="stmt"/>
          <line num="21" count="4" type="stmt"/>
          <line num="22" count="4" type="stmt"/>
          <line num="24" count="4" type="stmt"/>
          <line num="25" count="4" type="stmt"/>
          <line num="26" count="4" type="stmt"/>
          <line num="28" count="4" type="stmt"/>
          <line num="29" count="4" type="stmt"/>
          <line num="30" count="4" type="stmt"/>
          <line num="31" count="4" type="stmt"/>
          <line num="32" count="4" type="stmt"/>
          <line num="33" count="4" type="stmt"/>
          <line num="34" count="4" type="stmt"/>
          <line num="37" count="4" type="stmt"/>
          <line num="39" count="1" type="stmt"/>
          <line num="44" count="4" type="stmt"/>
          <line num="45" count="4" type="stmt"/>
          <line num="46" count="4" type="stmt"/>
          <line num="47" count="4" type="stmt"/>
          <line num="48" count="4" type="stmt"/>
          <line num="49" count="4" type="stmt"/>
          <line num="50" count="4" type="stmt"/>
        </file>
      </package>
      <package name="lib.activity">
        <metrics statements="75" coveredstatements="27" conditionals="22" coveredconditionals="2" methods="21" coveredmethods="7"/>
        <file name="ActivityGenerator.ts" path="/Users/mkleen/Code/LuQS/server/lib/activity/ActivityGenerator.ts">
          <metrics statements="30" coveredstatements="2" conditionals="18" coveredconditionals="0" methods="3" coveredmethods="0"/>
          <line num="1" count="4" type="stmt"/>
          <line num="3" count="4" type="stmt"/>
          <line num="6" count="0" type="stmt"/>
          <line num="7" count="0" type="cond" truecount="0" falsecount="2"/>
          <line num="8" count="0" type="stmt"/>
          <line num="9" count="0" type="stmt"/>
          <line num="10" count="0" type="stmt"/>
          <line num="11" count="0" type="cond" truecount="0" falsecount="4"/>
          <line num="12" count="0" type="stmt"/>
          <line num="13" count="0" type="stmt"/>
          <line num="14" count="0" type="stmt"/>
          <line num="15" count="0" type="cond" truecount="0" falsecount="4"/>
          <line num="16" count="0" type="stmt"/>
          <line num="17" count="0" type="stmt"/>
          <line num="18" count="0" type="stmt"/>
          <line num="19" count="0" type="cond" truecount="0" falsecount="2"/>
          <line num="20" count="0" type="stmt"/>
          <line num="21" count="0" type="stmt"/>
          <line num="22" count="0" type="stmt"/>
          <line num="24" count="0" type="stmt"/>
          <line num="25" count="0" type="stmt"/>
          <line num="29" count="0" type="stmt"/>
          <line num="33" count="0" type="stmt"/>
          <line num="34" count="0" type="cond" truecount="0" falsecount="2"/>
          <line num="36" count="0" type="stmt"/>
          <line num="37" count="0" type="cond" truecount="0" falsecount="2"/>
          <line num="39" count="0" type="stmt"/>
          <line num="40" count="0" type="cond" truecount="0" falsecount="2"/>
          <line num="41" count="0" type="stmt"/>
          <line num="42" count="0" type="stmt"/>
        </file>
        <file name="activity.ts" path="/Users/mkleen/Code/LuQS/server/lib/activity/activity.ts">
          <metrics statements="1" coveredstatements="1" conditionals="0" coveredconditionals="0" methods="0" coveredmethods="0"/>
          <line num="1" count="4" type="stmt"/>
        </file>
        <file name="activityRouter.ts" path="/Users/mkleen/Code/LuQS/server/lib/activity/activityRouter.ts">
          <metrics statements="18" coveredstatements="9" conditionals="0" coveredconditionals="0" methods="8" coveredmethods="4"/>
          <line num="3" count="4" type="stmt"/>
          <line num="5" count="4" type="stmt"/>
          <line num="10" count="4" type="stmt"/>
          <line num="14" count="4" type="stmt"/>
          <line num="15" count="0" type="stmt"/>
          <line num="16" count="0" type="stmt"/>
          <line num="17" count="0" type="stmt"/>
          <line num="18" count="0" type="stmt"/>
          <line num="20" count="0" type="stmt"/>
          <line num="23" count="1" type="stmt"/>
          <line num="24" count="1" type="stmt"/>
          <line num="25" count="1" type="stmt"/>
          <line num="26" count="1" type="stmt"/>
          <line num="28" count="0" type="stmt"/>
          <line num="31" count="4" type="stmt"/>
          <line num="32" count="0" type="stmt"/>
          <line num="33" count="0" type="stmt"/>
          <line num="34" count="0" type="stmt"/>
        </file>
        <file name="activityService.ts" path="/Users/mkleen/Code/LuQS/server/lib/activity/activityService.ts">
          <metrics statements="26" coveredstatements="15" conditionals="4" coveredconditionals="2" methods="10" coveredmethods="3"/>
          <line num="2" count="4" type="stmt"/>
          <line num="4" count="4" type="stmt"/>
          <line num="5" count="4" type="stmt"/>
          <line num="7" count="4" type="stmt"/>
          <line num="14" count="4" type="stmt"/>
          <line num="15" count="4" type="stmt"/>
          <line num="16" count="4" type="stmt"/>
          <line num="20" count="0" type="stmt"/>
          <line num="24" count="0" type="stmt"/>
          <line num="28" count="1" type="stmt"/>
          <line num="29" count="1" type="stmt"/>
          <line num="35" count="1" type="stmt"/>
          <line num="39" count="0" type="stmt"/>
          <line num="47" count="1" type="cond" truecount="1" falsecount="1"/>
          <line num="48" count="1" type="stmt"/>
          <line num="50" count="1" type="cond" truecount="1" falsecount="1"/>
          <line num="51" count="1" type="stmt"/>
          <line num="53" count="1" type="stmt"/>
          <line num="57" count="0" type="stmt"/>
          <line num="58" count="0" type="stmt"/>
          <line num="62" count="0" type="stmt"/>
          <line num="66" count="0" type="stmt"/>
          <line num="67" count="0" type="stmt"/>
          <line num="69" count="0" type="stmt"/>
          <line num="70" count="0" type="stmt"/>
          <line num="71" count="0" type="stmt"/>
        </file>
      </package>
      <package name="lib.admin">
        <metrics statements="14" coveredstatements="5" conditionals="0" coveredconditionals="0" methods="8" coveredmethods="2"/>
        <file name="adminRouter.ts" path="/Users/mkleen/Code/LuQS/server/lib/admin/adminRouter.ts">
          <metrics statements="14" coveredstatements="5" conditionals="0" coveredconditionals="0" methods="8" coveredmethods="2"/>
          <line num="4" count="4" type="stmt"/>
          <line num="9" count="4" type="stmt"/>
          <line num="13" count="4" type="stmt"/>
          <line num="14" count="0" type="stmt"/>
          <line num="15" count="0" type="stmt"/>
          <line num="18" count="0" type="stmt"/>
          <line num="20" count="4" type="stmt"/>
          <line num="21" count="0" type="stmt"/>
          <line num="22" count="0" type="stmt"/>
          <line num="23" count="0" type="stmt"/>
          <line num="25" count="4" type="stmt"/>
          <line num="26" count="0" type="stmt"/>
          <line num="27" count="0" type="stmt"/>
          <line num="28" count="0" type="stmt"/>
        </file>
      </package>
      <package name="lib.core.db">
        <metrics statements="8" coveredstatements="7" conditionals="2" coveredconditionals="1" methods="4" coveredmethods="4"/>
        <file name="mongo.ts" path="/Users/mkleen/Code/LuQS/server/lib/core/db/mongo.ts">
          <metrics statements="8" coveredstatements="7" conditionals="2" coveredconditionals="1" methods="4" coveredmethods="4"/>
          <line num="1" count="3" type="stmt"/>
          <line num="3" count="3" type="stmt"/>
          <line num="4" count="3" type="stmt"/>
          <line num="7" count="18" type="stmt"/>
          <line num="8" count="18" type="cond" truecount="1" falsecount="1"/>
          <line num="9" count="0" type="stmt"/>
          <line num="11" count="18" type="stmt"/>
          <line num="18" count="18" type="stmt"/>
        </file>
      </package>
      <package name="lib.dashboard">
        <metrics statements="59" coveredstatements="48" conditionals="8" coveredconditionals="5" methods="19" coveredmethods="14"/>
        <file name="dashboard.ts" path="/Users/mkleen/Code/LuQS/server/lib/dashboard/dashboard.ts">
          <metrics statements="2" coveredstatements="2" conditionals="0" coveredconditionals="0" methods="0" coveredmethods="0"/>
          <line num="1" count="4" type="stmt"/>
          <line num="13" count="4" type="stmt"/>
        </file>
        <file name="dashboardRouter.ts" path="/Users/mkleen/Code/LuQS/server/lib/dashboard/dashboardRouter.ts">
          <metrics statements="57" coveredstatements="46" conditionals="8" coveredconditionals="5" methods="19" coveredmethods="14"/>
          <line num="2" count="4" type="stmt"/>
          <line num="3" count="4" type="stmt"/>
          <line num="5" count="4" type="stmt"/>
          <line num="6" count="4" type="stmt"/>
          <line num="10" count="4" type="stmt"/>
          <line num="12" count="4" type="stmt"/>
          <line num="15" count="4" type="stmt"/>
          <line num="16" count="0" type="stmt"/>
          <line num="17" count="0" type="stmt"/>
          <line num="18" count="0" type="stmt"/>
          <line num="20" count="4" type="stmt"/>
          <line num="22" count="4" type="stmt"/>
          <line num="23" count="4" type="stmt"/>
          <line num="25" count="4" type="stmt"/>
          <line num="26" count="6" type="stmt"/>
          <line num="27" count="6" type="stmt"/>
          <line num="28" count="6" type="stmt"/>
          <line num="29" count="6" type="stmt"/>
          <line num="30" count="6" type="cond" truecount="1" falsecount="1"/>
          <line num="31" count="0" type="stmt"/>
          <line num="33" count="6" type="stmt"/>
          <line num="34" count="5" type="cond" truecount="2" falsecount="0"/>
          <line num="35" count="2" type="stmt"/>
          <line num="36" count="2" type="stmt"/>
          <line num="38" count="3" type="stmt"/>
          <line num="41" count="1" type="stmt"/>
          <line num="45" count="1" type="stmt"/>
          <line num="46" count="1" type="stmt"/>
          <line num="47" count="1" type="stmt"/>
          <line num="48" count="1" type="stmt"/>
          <line num="50" count="1" type="stmt"/>
          <line num="51" count="1" type="stmt"/>
          <line num="52" count="1" type="stmt"/>
          <line num="53" count="1" type="stmt"/>
          <line num="54" count="1" type="stmt"/>
          <line num="56" count="4" type="stmt"/>
          <line num="60" count="2" type="stmt"/>
          <line num="61" count="2" type="stmt"/>
          <line num="62" count="2" type="cond" truecount="2" falsecount="0"/>
          <line num="63" count="1" type="stmt"/>
          <line num="66" count="1" type="stmt"/>
          <line num="67" count="1" type="stmt"/>
          <line num="69" count="1" type="stmt"/>
          <line num="70" count="1" type="stmt"/>
          <line num="71" count="1" type="stmt"/>
          <line num="73" count="1" type="stmt"/>
          <line num="74" count="1" type="stmt"/>
          <line num="75" count="1" type="stmt"/>
          <line num="88" count="1" type="stmt"/>
          <line num="90" count="4" type="stmt"/>
          <line num="91" count="0" type="stmt"/>
          <line num="93" count="0" type="stmt"/>
          <line num="94" count="0" type="stmt"/>
          <line num="95" count="0" type="stmt"/>
          <line num="99" count="0" type="cond" truecount="0" falsecount="2"/>
          <line num="100" count="0" type="stmt"/>
          <line num="102" count="0" type="stmt"/>
        </file>
      </package>
      <package name="lib.datapoint">
        <metrics statements="59" coveredstatements="17" conditionals="17" coveredconditionals="0" methods="16" coveredmethods="4"/>
        <file name="datapointModel.ts" path="/Users/mkleen/Code/LuQS/server/lib/datapoint/datapointModel.ts">
          <metrics statements="18" coveredstatements="5" conditionals="6" coveredconditionals="0" methods="4" coveredmethods="1"/>
          <line num="1" count="4" type="stmt"/>
          <line num="6" count="4" type="stmt"/>
          <line num="8" count="4" type="stmt"/>
          <line num="11" count="4" type="stmt"/>
          <line num="14" count="4" type="stmt"/>
          <line num="18" count="0" type="stmt"/>
          <line num="19" count="0" type="cond" truecount="0" falsecount="2"/>
          <line num="20" count="0" type="stmt"/>
          <line num="21" count="0" type="stmt"/>
          <line num="22" count="0" type="stmt"/>
          <line num="23" count="0" type="stmt"/>
          <line num="24" count="0" type="cond" truecount="0" falsecount="2"/>
          <line num="25" count="0" type="stmt"/>
          <line num="26" count="0" type="cond" truecount="0" falsecount="2"/>
          <line num="27" count="0" type="stmt"/>
          <line num="30" count="0" type="stmt"/>
          <line num="32" count="0" type="stmt"/>
          <line num="36" count="0" type="stmt"/>
        </file>
        <file name="datapointQuery.ts" path="/Users/mkleen/Code/LuQS/server/lib/datapoint/datapointQuery.ts">
          <metrics statements="4" coveredstatements="1" conditionals="5" coveredconditionals="0" methods="3" coveredmethods="0"/>
          <line num="3" count="4" type="stmt"/>
          <line num="7" count="0" type="stmt"/>
          <line num="11" count="0" type="cond" truecount="0" falsecount="3"/>
          <line num="15" count="0" type="cond" truecount="0" falsecount="2"/>
        </file>
        <file name="datapointRouter.ts" path="/Users/mkleen/Code/LuQS/server/lib/datapoint/datapointRouter.ts">
          <metrics statements="15" coveredstatements="4" conditionals="6" coveredconditionals="0" methods="4" coveredmethods="2"/>
          <line num="2" count="4" type="stmt"/>
          <line num="5" count="4" type="stmt"/>
          <line num="10" count="4" type="stmt"/>
          <line num="14" count="4" type="stmt"/>
          <line num="15" count="0" type="stmt"/>
          <line num="16" count="0" type="stmt"/>
          <line num="17" count="0" type="cond" truecount="0" falsecount="2"/>
          <line num="18" count="0" type="stmt"/>
          <line num="20" count="0" type="cond" truecount="0" falsecount="2"/>
          <line num="21" count="0" type="stmt"/>
          <line num="23" count="0" type="stmt"/>
          <line num="25" count="0" type="stmt"/>
          <line num="27" count="0" type="cond" truecount="0" falsecount="2"/>
          <line num="28" count="0" type="stmt"/>
          <line num="30" count="0" type="stmt"/>
        </file>
        <file name="datapointService.ts" path="/Users/mkleen/Code/LuQS/server/lib/datapoint/datapointService.ts">
          <metrics statements="21" coveredstatements="6" conditionals="0" coveredconditionals="0" methods="5" coveredmethods="1"/>
          <line num="3" count="4" type="stmt"/>
          <line num="4" count="4" type="stmt"/>
          <line num="7" count="4" type="stmt"/>
          <line num="14" count="4" type="stmt"/>
          <line num="15" count="4" type="stmt"/>
          <line num="16" count="4" type="stmt"/>
          <line num="20" count="0" type="stmt"/>
          <line num="21" count="0" type="stmt"/>
          <line num="22" count="0" type="stmt"/>
          <line num="27" count="0" type="stmt"/>
          <line num="32" count="0" type="stmt"/>
          <line num="36" count="0" type="stmt"/>
          <line num="37" count="0" type="stmt"/>
          <line num="38" count="0" type="stmt"/>
          <line num="39" count="0" type="stmt"/>
          <line num="40" count="0" type="stmt"/>
          <line num="41" count="0" type="stmt"/>
          <line num="43" count="0" type="stmt"/>
          <line num="44" count="0" type="stmt"/>
          <line num="45" count="0" type="stmt"/>
          <line num="49" count="0" type="stmt"/>
        </file>
        <file name="datapoints.ts" path="/Users/mkleen/Code/LuQS/server/lib/datapoint/datapoints.ts">
          <metrics statements="1" coveredstatements="1" conditionals="0" coveredconditionals="0" methods="0" coveredmethods="0"/>
          <line num="3" count="4" type="stmt"/>
        </file>
      </package>
      <package name="lib.dataseries">
        <metrics statements="58" coveredstatements="41" conditionals="4" coveredconditionals="2" methods="18" coveredmethods="12"/>
        <file name="dataseries.ts" path="/Users/mkleen/Code/LuQS/server/lib/dataseries/dataseries.ts">
          <metrics statements="10" coveredstatements="3" conditionals="0" coveredconditionals="0" methods="1" coveredmethods="0"/>
          <line num="1" count="4" type="stmt"/>
          <line num="12" count="4" type="stmt"/>
          <line num="20" count="0" type="stmt"/>
          <line num="21" count="0" type="stmt"/>
          <line num="22" count="0" type="stmt"/>
          <line num="23" count="0" type="stmt"/>
          <line num="24" count="0" type="stmt"/>
          <line num="25" count="0" type="stmt"/>
          <line num="26" count="0" type="stmt"/>
          <line num="33" count="4" type="stmt"/>
        </file>
        <file name="dataseriesRouter.ts" path="/Users/mkleen/Code/LuQS/server/lib/dataseries/dataseriesRouter.ts">
          <metrics statements="48" coveredstatements="38" conditionals="4" coveredconditionals="2" methods="17" coveredmethods="12"/>
          <line num="2" count="4" type="stmt"/>
          <line num="3" count="4" type="stmt"/>
          <line num="5" count="4" type="stmt"/>
          <line num="6" count="4" type="stmt"/>
          <line num="8" count="4" type="stmt"/>
          <line num="10" count="4" type="stmt"/>
          <line num="11" count="4" type="stmt"/>
          <line num="14" count="4" type="stmt"/>
          <line num="15" count="0" type="stmt"/>
          <line num="16" count="0" type="stmt"/>
          <line num="17" count="0" type="stmt"/>
          <line num="19" count="4" type="stmt"/>
          <line num="20" count="4" type="stmt"/>
          <line num="21" count="4" type="stmt"/>
          <line num="23" count="4" type="stmt"/>
          <line num="24" count="7" type="stmt"/>
          <line num="25" count="7" type="stmt"/>
          <line num="26" count="7" type="stmt"/>
          <line num="27" count="7" type="stmt"/>
          <line num="28" count="6" type="cond" truecount="2" falsecount="0"/>
          <line num="29" count="4" type="stmt"/>
          <line num="31" count="2" type="stmt"/>
          <line num="35" count="1" type="stmt"/>
          <line num="38" count="1" type="stmt"/>
          <line num="39" count="1" type="stmt"/>
          <line num="40" count="1" type="stmt"/>
          <line num="41" count="1" type="stmt"/>
          <line num="43" count="1" type="stmt"/>
          <line num="44" count="1" type="stmt"/>
          <line num="45" count="1" type="stmt"/>
          <line num="46" count="1" type="stmt"/>
          <line num="47" count="1" type="stmt"/>
          <line num="49" count="4" type="stmt"/>
          <line num="50" count="1" type="stmt"/>
          <line num="51" count="1" type="stmt"/>
          <line num="52" count="1" type="stmt"/>
          <line num="54" count="1" type="stmt"/>
          <line num="55" count="1" type="stmt"/>
          <line num="56" count="1" type="stmt"/>
          <line num="57" count="1" type="stmt"/>
          <line num="60" count="4" type="stmt"/>
          <line num="61" count="0" type="stmt"/>
          <line num="62" count="0" type="stmt"/>
          <line num="63" count="0" type="stmt"/>
          <line num="64" count="0" type="stmt"/>
          <line num="68" count="0" type="cond" truecount="0" falsecount="2"/>
          <line num="69" count="0" type="stmt"/>
          <line num="71" count="0" type="stmt"/>
        </file>
      </package>
      <package name="lib.graph">
        <metrics statements="77" coveredstatements="44" conditionals="8" coveredconditionals="5" methods="20" coveredmethods="10"/>
        <file name="graph.ts" path="/Users/mkleen/Code/LuQS/server/lib/graph/graph.ts">
          <metrics statements="14" coveredstatements="3" conditionals="0" coveredconditionals="0" methods="1" coveredmethods="0"/>
          <line num="1" count="4" type="stmt"/>
          <line num="16" count="4" type="stmt"/>
          <line num="28" count="0" type="stmt"/>
          <line num="29" count="0" type="stmt"/>
          <line num="30" count="0" type="stmt"/>
          <line num="31" count="0" type="stmt"/>
          <line num="32" count="0" type="stmt"/>
          <line num="33" count="0" type="stmt"/>
          <line num="34" count="0" type="stmt"/>
          <line num="35" count="0" type="stmt"/>
          <line num="36" count="0" type="stmt"/>
          <line num="37" count="0" type="stmt"/>
          <line num="38" count="0" type="stmt"/>
          <line num="46" count="4" type="stmt"/>
        </file>
        <file name="graphRouter.ts" path="/Users/mkleen/Code/LuQS/server/lib/graph/graphRouter.ts">
          <metrics statements="63" coveredstatements="41" conditionals="8" coveredconditionals="5" methods="19" coveredmethods="10"/>
          <line num="2" count="4" type="stmt"/>
          <line num="3" count="4" type="stmt"/>
          <line num="5" count="4" type="stmt"/>
          <line num="7" count="4" type="stmt"/>
          <line num="9" count="4" type="stmt"/>
          <line num="11" count="4" type="stmt"/>
          <line num="12" count="4" type="stmt"/>
          <line num="16" count="4" type="stmt"/>
          <line num="20" count="4" type="stmt"/>
          <line num="21" count="0" type="stmt"/>
          <line num="22" count="0" type="stmt"/>
          <line num="30" count="0" type="stmt"/>
          <line num="32" count="6" type="stmt"/>
          <line num="33" count="6" type="stmt"/>
          <line num="34" count="6" type="stmt"/>
          <line num="35" count="6" type="stmt"/>
          <line num="36" count="6" type="stmt"/>
          <line num="38" count="6" type="stmt"/>
          <line num="39" count="6" type="stmt"/>
          <line num="41" count="4" type="stmt"/>
          <line num="42" count="0" type="stmt"/>
          <line num="43" count="0" type="stmt"/>
          <line num="44" count="0" type="stmt"/>
          <line num="45" count="0" type="stmt"/>
          <line num="46" count="0" type="stmt"/>
          <line num="48" count="7" type="stmt"/>
          <line num="49" count="7" type="cond" truecount="2" falsecount="0"/>
          <line num="50" count="6" type="stmt"/>
          <line num="51" count="6" type="stmt"/>
          <line num="59" count="5" type="cond" truecount="2" falsecount="0"/>
          <line num="60" count="3" type="stmt"/>
          <line num="62" count="2" type="stmt"/>
          <line num="66" count="1" type="stmt"/>
          <line num="69" count="1" type="stmt"/>
          <line num="70" count="1" type="stmt"/>
          <line num="79" count="1" type="stmt"/>
          <line num="82" count="0" type="stmt"/>
          <line num="86" count="1" type="stmt"/>
          <line num="87" count="1" type="stmt"/>
          <line num="88" count="1" type="cond" truecount="1" falsecount="1"/>
          <line num="89" count="1" type="stmt"/>
          <line num="91" count="1" type="stmt"/>
          <line num="92" count="1" type="stmt"/>
          <line num="94" count="1" type="stmt"/>
          <line num="95" count="1" type="stmt"/>
          <line num="96" count="1" type="stmt"/>
          <line num="97" count="1" type="stmt"/>
          <line num="98" count="1" type="stmt"/>
          <line num="100" count="4" type="stmt"/>
          <line num="101" count="0" type="stmt"/>
          <line num="103" count="0" type="stmt"/>
          <line num="104" count="0" type="stmt"/>
          <line num="106" count="0" type="stmt"/>
          <line num="107" count="0" type="stmt"/>
          <line num="108" count="0" type="stmt"/>
          <line num="110" count="4" type="stmt"/>
          <line num="111" count="0" type="stmt"/>
          <line num="112" count="0" type="stmt"/>
          <line num="113" count="0" type="stmt"/>
          <line num="114" count="0" type="stmt"/>
          <line num="118" count="0" type="cond" truecount="0" falsecount="2"/>
          <line num="119" count="0" type="stmt"/>
          <line num="121" count="0" type="stmt"/>
        </file>
      </package>
      <package name="lib.query">
        <metrics statements="54" coveredstatements="26" conditionals="12" coveredconditionals="2" methods="19" coveredmethods="8"/>
        <file name="esQueryBuilder.ts" path="/Users/mkleen/Code/LuQS/server/lib/query/esQueryBuilder.ts">
          <metrics statements="17" coveredstatements="5" conditionals="12" coveredconditionals="2" methods="3" coveredmethods="1"/>
          <line num="2" count="5" type="stmt"/>
          <line num="5" count="5" type="stmt"/>
          <line num="8" count="0" type="cond" truecount="0" falsecount="2"/>
          <line num="9" count="0" type="stmt"/>
          <line num="11" count="0" type="stmt"/>
          <line num="13" count="0" type="cond" truecount="0" falsecount="2"/>
          <line num="14" count="0" type="stmt"/>
          <line num="16" count="0" type="cond" truecount="0" falsecount="2"/>
          <line num="17" count="0" type="stmt"/>
          <line num="19" count="0" type="stmt"/>
          <line num="30" count="2" type="stmt"/>
          <line num="32" count="1" type="stmt"/>
          <line num="35" count="1" type="stmt"/>
          <line num="38" count="0" type="stmt"/>
          <line num="41" count="0" type="stmt"/>
          <line num="44" count="0" type="stmt"/>
          <line num="47" count="0" type="stmt"/>
        </file>
        <file name="esquery.ts" path="/Users/mkleen/Code/LuQS/server/lib/query/esquery.ts">
          <metrics statements="5" coveredstatements="5" conditionals="0" coveredconditionals="0" methods="2" coveredmethods="2"/>
          <line num="4" count="5" type="stmt"/>
          <line num="8" count="5" type="stmt"/>
          <line num="12" count="1" type="stmt"/>
          <line num="16" count="5" type="stmt"/>
          <line num="20" count="1" type="stmt"/>
        </file>
        <file name="selector.ts" path="/Users/mkleen/Code/LuQS/server/lib/query/selector.ts">
          <metrics statements="8" coveredstatements="7" conditionals="0" coveredconditionals="0" methods="2" coveredmethods="1"/>
          <line num="1" count="5" type="stmt"/>
          <line num="10" count="5" type="stmt"/>
          <line num="17" count="2" type="stmt"/>
          <line num="18" count="2" type="stmt"/>
          <line num="19" count="2" type="stmt"/>
          <line num="20" count="2" type="stmt"/>
          <line num="23" count="0" type="stmt"/>
          <line num="30" count="5" type="stmt"/>
        </file>
        <file name="selectorRouter.ts" path="/Users/mkleen/Code/LuQS/server/lib/query/selectorRouter.ts">
          <metrics statements="24" coveredstatements="9" conditionals="0" coveredconditionals="0" methods="12" coveredmethods="4"/>
          <line num="2" count="4" type="stmt"/>
          <line num="3" count="4" type="stmt"/>
          <line num="6" count="4" type="stmt"/>
          <line num="8" count="4" type="stmt"/>
          <line num="11" count="4" type="stmt"/>
          <line num="12" count="0" type="stmt"/>
          <line num="13" count="0" type="stmt"/>
          <line num="14" count="0" type="stmt"/>
          <line num="16" count="1" type="stmt"/>
          <line num="17" count="1" type="stmt"/>
          <line num="18" count="1" type="stmt"/>
          <line num="20" count="4" type="stmt"/>
          <line num="21" count="0" type="stmt"/>
          <line num="22" count="0" type="stmt"/>
          <line num="23" count="0" type="stmt"/>
          <line num="24" count="0" type="stmt"/>
          <line num="26" count="0" type="stmt"/>
          <line num="27" count="0" type="stmt"/>
          <line num="28" count="0" type="stmt"/>
          <line num="29" count="0" type="stmt"/>
          <line num="31" count="0" type="stmt"/>
          <line num="32" count="0" type="stmt"/>
          <line num="33" count="0" type="stmt"/>
          <line num="34" count="0" type="stmt"/>
        </file>
      </package>
      <package name="lib.util">
        <metrics statements="2" coveredstatements="1" conditionals="0" coveredconditionals="0" methods="1" coveredmethods="0"/>
        <file name="result.ts" path="/Users/mkleen/Code/LuQS/server/lib/util/result.ts">
          <metrics statements="2" coveredstatements="1" conditionals="0" coveredconditionals="0" methods="1" coveredmethods="0"/>
          <line num="1" count="4" type="stmt"/>
          <line num="5" count="0" type="stmt"/>
        </file>
      </package>
    </metrics>
  </project>
</coverage>
