{"/Users/mkleen/Code/LuQS/server/lib/app.ts": {"path":"/Users/mkleen/Code/LuQS/server/lib/app.ts","statementMap":{"0":{"start":{"line":1,"column":0},"end":{"line":1,"column":34}},"1":{"start":{"line":2,"column":0},"end":{"line":2,"column":41}},"2":{"start":{"line":3,"column":0},"end":{"line":3,"column":31}},"3":{"start":{"line":8,"column":11},"end":{"line":8,"column":41}},"4":{"start":{"line":11,"column":8},"end":{"line":11,"column":29}},"5":{"start":{"line":12,"column":8},"end":{"line":12,"column":22}},"6":{"start":{"line":13,"column":8},"end":{"line":13,"column":37}},"7":{"start":{"line":18,"column":8},"end":{"line":18,"column":40}},"8":{"start":{"line":19,"column":8},"end":{"line":19,"column":63}},"9":{"start":{"line":24,"column":0},"end":{"line":24,"column":29}}},"fnMap":{"0":{"name":"(anonymous_0)","decl":{"start":{"line":10,"column":4},"end":{"line":null,"column":-1}},"loc":{"start":{"line":10,"column":4},"end":{"line":15,"column":5}}},"1":{"name":"(anonymous_1)","decl":{"start":{"line":17,"column":12},"end":{"line":17,"column":17}},"loc":{"start":{"line":17,"column":18},"end":{"line":20,"column":5}}}},"branchMap":{},"s":{"0":4,"1":4,"2":4,"3":4,"4":4,"5":4,"6":4,"7":4,"8":4,"9":4},"f":{"0":4,"1":4},"b":{}}
,"/Users/mkleen/Code/LuQS/server/lib/router.ts": {"path":"/Users/mkleen/Code/LuQS/server/lib/router.ts","statementMap":{"0":{"start":{"line":2,"column":0},"end":{"line":2,"column":59}},"1":{"start":{"line":3,"column":0},"end":{"line":3,"column":47}},"2":{"start":{"line":4,"column":0},"end":{"line":4,"column":62}},"3":{"start":{"line":5,"column":0},"end":{"line":5,"column":56}},"4":{"start":{"line":6,"column":0},"end":{"line":6,"column":58}},"5":{"start":{"line":7,"column":0},"end":{"line":7,"column":36}},"6":{"start":{"line":8,"column":0},"end":{"line":8,"column":47}},"7":{"start":{"line":10,"column":0},"end":{"line":10,"column":74}},"8":{"start":{"line":11,"column":0},"end":{"line":11,"column":36}},"9":{"start":{"line":12,"column":0},"end":{"line":12,"column":61}},"10":{"start":{"line":13,"column":0},"end":{"line":13,"column":59}},"11":{"start":{"line":14,"column":0},"end":{"line":14,"column":53}},"12":{"start":{"line":15,"column":0},"end":{"line":15,"column":57}},"13":{"start":{"line":19,"column":13},"end":{"line":19,"column":50}},"14":{"start":{"line":20,"column":13},"end":{"line":20,"column":36}},"15":{"start":{"line":21,"column":13},"end":{"line":21,"column":83}},"16":{"start":{"line":22,"column":13},"end":{"line":22,"column":116}},"17":{"start":{"line":24,"column":13},"end":{"line":24,"column":109}},"18":{"start":{"line":25,"column":13},"end":{"line":25,"column":111}},"19":{"start":{"line":26,"column":13},"end":{"line":26,"column":72}},"20":{"start":{"line":28,"column":13},"end":{"line":28,"column":87}},"21":{"start":{"line":29,"column":13},"end":{"line":29,"column":78}},"22":{"start":{"line":30,"column":13},"end":{"line":30,"column":90}},"23":{"start":{"line":31,"column":13},"end":{"line":31,"column":70}},"24":{"start":{"line":32,"column":13},"end":{"line":32,"column":79}},"25":{"start":{"line":33,"column":13},"end":{"line":33,"column":73}},"26":{"start":{"line":34,"column":13},"end":{"line":34,"column":67}},"27":{"start":{"line":37,"column":8},"end":{"line":42,"column":15}},"28":{"start":{"line":39,"column":16},"end":{"line":41,"column":18}},"29":{"start":{"line":44,"column":8},"end":{"line":44,"column":40}},"30":{"start":{"line":45,"column":8},"end":{"line":45,"column":37}},"31":{"start":{"line":46,"column":8},"end":{"line":46,"column":41}},"32":{"start":{"line":47,"column":8},"end":{"line":47,"column":42}},"33":{"start":{"line":48,"column":8},"end":{"line":48,"column":37}},"34":{"start":{"line":49,"column":8},"end":{"line":49,"column":42}},"35":{"start":{"line":50,"column":8},"end":{"line":50,"column":40}},"36":{"start":{"line":17,"column":0},"end":{"line":52,"column":1}}},"fnMap":{"0":{"name":"(anonymous_0)","decl":{"start":{"line":17,"column":0},"end":{"line":null,"column":-1}},"loc":{"start":{"line":17,"column":0},"end":{"line":52,"column":1}}},"1":{"name":"(anonymous_1)","decl":{"start":{"line":36,"column":11},"end":{"line":36,"column":16}},"loc":{"start":{"line":36,"column":21},"end":{"line":51,"column":5}}},"2":{"name":"(anonymous_2)","decl":{"start":{"line":38,"column":17},"end":{"line":38,"column":18}},"loc":{"start":{"line":38,"column":49},"end":{"line":42,"column":13}}}},"branchMap":{},"s":{"0":4,"1":4,"2":4,"3":4,"4":4,"5":4,"6":4,"7":4,"8":4,"9":4,"10":4,"11":4,"12":4,"13":4,"14":4,"15":4,"16":4,"17":4,"18":4,"19":4,"20":4,"21":4,"22":4,"23":4,"24":4,"25":4,"26":4,"27":4,"28":1,"29":4,"30":4,"31":4,"32":4,"33":4,"34":4,"35":4,"36":4},"f":{"0":4,"1":4,"2":1},"b":{}}
,"/Users/mkleen/Code/LuQS/server/lib/activity/ActivityGenerator.ts": {"path":"/Users/mkleen/Code/LuQS/server/lib/activity/ActivityGenerator.ts","statementMap":{"0":{"start":{"line":1,"column":0},"end":{"line":1,"column":35}},"1":{"start":{"line":6,"column":33},"end":{"line":6,"column":47}},"2":{"start":{"line":7,"column":8},"end":{"line":23,"column":9}},"3":{"start":{"line":8,"column":12},"end":{"line":8,"column":63}},"4":{"start":{"line":9,"column":12},"end":{"line":9,"column":36}},"5":{"start":{"line":10,"column":12},"end":{"line":10,"column":63}},"6":{"start":{"line":11,"column":15},"end":{"line":23,"column":9}},"7":{"start":{"line":12,"column":12},"end":{"line":12,"column":64}},"8":{"start":{"line":13,"column":12},"end":{"line":13,"column":36}},"9":{"start":{"line":14,"column":12},"end":{"line":14,"column":63}},"10":{"start":{"line":15,"column":15},"end":{"line":23,"column":9}},"11":{"start":{"line":16,"column":12},"end":{"line":16,"column":61}},"12":{"start":{"line":17,"column":12},"end":{"line":17,"column":38}},"13":{"start":{"line":18,"column":12},"end":{"line":18,"column":65}},"14":{"start":{"line":19,"column":15},"end":{"line":23,"column":9}},"15":{"start":{"line":20,"column":12},"end":{"line":20,"column":61}},"16":{"start":{"line":21,"column":12},"end":{"line":21,"column":38}},"17":{"start":{"line":22,"column":12},"end":{"line":22,"column":65}},"18":{"start":{"line":24,"column":8},"end":{"line":24,"column":77}},"19":{"start":{"line":25,"column":8},"end":{"line":25,"column":24}},"20":{"start":{"line":29,"column":8},"end":{"line":29,"column":65}},"21":{"start":{"line":33,"column":30},"end":{"line":33,"column":67}},"22":{"start":{"line":34,"column":21},"end":{"line":34,"column":77}},"23":{"start":{"line":36,"column":32},"end":{"line":36,"column":69}},"24":{"start":{"line":37,"column":23},"end":{"line":37,"column":85}},"25":{"start":{"line":39,"column":32},"end":{"line":39,"column":69}},"26":{"start":{"line":40,"column":23},"end":{"line":40,"column":85}},"27":{"start":{"line":41,"column":21},"end":{"line":41,"column":135}},"28":{"start":{"line":42,"column":8},"end":{"line":42,"column":20}},"29":{"start":{"line":3,"column":0},"end":{"line":45,"column":1}}},"fnMap":{"0":{"name":"(anonymous_0)","decl":{"start":{"line":5,"column":4},"end":{"line":5,"column":9}},"loc":{"start":{"line":5,"column":19},"end":{"line":26,"column":5}}},"1":{"name":"(anonymous_1)","decl":{"start":{"line":28,"column":4},"end":{"line":28,"column":9}},"loc":{"start":{"line":28,"column":32},"end":{"line":30,"column":5}}},"2":{"name":"(anonymous_2)","decl":{"start":{"line":32,"column":4},"end":{"line":32,"column":9}},"loc":{"start":{"line":32,"column":24},"end":{"line":43,"column":5}}}},"branchMap":{"0":{"loc":{"start":{"line":7,"column":8},"end":{"line":23,"column":9}},"type":"if","locations":[{"start":{"line":7,"column":8},"end":{"line":23,"column":9}},{"start":{"line":7,"column":8},"end":{"line":23,"column":9}}]},"1":{"loc":{"start":{"line":11,"column":15},"end":{"line":23,"column":9}},"type":"if","locations":[{"start":{"line":11,"column":15},"end":{"line":23,"column":9}},{"start":{"line":11,"column":15},"end":{"line":23,"column":9}}]},"2":{"loc":{"start":{"line":11,"column":19},"end":{"line":11,"column":39}},"type":"binary-expr","locations":[{"start":{"line":11,"column":19},"end":{"line":11,"column":39}},{"start":{"line":11,"column":43},"end":{"line":11,"column":62}}]},"3":{"loc":{"start":{"line":15,"column":15},"end":{"line":23,"column":9}},"type":"if","locations":[{"start":{"line":15,"column":15},"end":{"line":23,"column":9}},{"start":{"line":15,"column":15},"end":{"line":23,"column":9}}]},"4":{"loc":{"start":{"line":15,"column":19},"end":{"line":15,"column":38}},"type":"binary-expr","locations":[{"start":{"line":15,"column":19},"end":{"line":15,"column":38}},{"start":{"line":15,"column":42},"end":{"line":15,"column":62}}]},"5":{"loc":{"start":{"line":19,"column":15},"end":{"line":23,"column":9}},"type":"if","locations":[{"start":{"line":19,"column":15},"end":{"line":23,"column":9}},{"start":{"line":19,"column":15},"end":{"line":23,"column":9}}]},"6":{"loc":{"start":{"line":34,"column":42},"end":{"line":34,"column":61}},"type":"cond-expr","locations":[{"start":{"line":34,"column":42},"end":{"line":34,"column":61}},{"start":{"line":34,"column":64},"end":{"line":34,"column":77}}]},"7":{"loc":{"start":{"line":37,"column":46},"end":{"line":37,"column":67}},"type":"cond-expr","locations":[{"start":{"line":37,"column":46},"end":{"line":37,"column":67}},{"start":{"line":37,"column":70},"end":{"line":37,"column":85}}]},"8":{"loc":{"start":{"line":40,"column":46},"end":{"line":40,"column":67}},"type":"cond-expr","locations":[{"start":{"line":40,"column":46},"end":{"line":40,"column":67}},{"start":{"line":40,"column":70},"end":{"line":40,"column":85}}]}},"s":{"0":4,"1":0,"2":0,"3":0,"4":0,"5":0,"6":0,"7":0,"8":0,"9":0,"10":0,"11":0,"12":0,"13":0,"14":0,"15":0,"16":0,"17":0,"18":0,"19":0,"20":0,"21":0,"22":0,"23":0,"24":0,"25":0,"26":0,"27":0,"28":0,"29":4},"f":{"0":0,"1":0,"2":0},"b":{"0":[0,0],"1":[0,0],"2":[0,0],"3":[0,0],"4":[0,0],"5":[0,0],"6":[0,0],"7":[0,0],"8":[0,0]}}
,"/Users/mkleen/Code/LuQS/server/lib/activity/activity.ts": {"path":"/Users/mkleen/Code/LuQS/server/lib/activity/activity.ts","statementMap":{"0":{"start":{"line":1,"column":0},"end":{"line":8,"column":1}}},"fnMap":{},"branchMap":{},"s":{"0":4},"f":{},"b":{}}
,"/Users/mkleen/Code/LuQS/server/lib/activity/activityRouter.ts": {"path":"/Users/mkleen/Code/LuQS/server/lib/activity/activityRouter.ts","statementMap":{"0":{"start":{"line":3,"column":0},"end":{"line":3,"column":37}},"1":{"start":{"line":10,"column":8},"end":{"line":10,"column":47}},"2":{"start":{"line":14,"column":8},"end":{"line":30,"column":15}},"3":{"start":{"line":15,"column":55},"end":{"line":22,"column":13}},"4":{"start":{"line":16,"column":16},"end":{"line":21,"column":17}},"5":{"start":{"line":17,"column":33},"end":{"line":17,"column":73}},"6":{"start":{"line":18,"column":20},"end":{"line":18,"column":61}},"7":{"start":{"line":20,"column":20},"end":{"line":20,"column":57}},"8":{"start":{"line":23,"column":56},"end":{"line":30,"column":13}},"9":{"start":{"line":24,"column":16},"end":{"line":29,"column":17}},"10":{"start":{"line":25,"column":33},"end":{"line":25,"column":76}},"11":{"start":{"line":26,"column":20},"end":{"line":26,"column":48}},"12":{"start":{"line":28,"column":20},"end":{"line":28,"column":57}},"13":{"start":{"line":31,"column":8},"end":{"line":35,"column":15}},"14":{"start":{"line":32,"column":55},"end":{"line":35,"column":13}},"15":{"start":{"line":33,"column":40},"end":{"line":33,"column":87}},"16":{"start":{"line":34,"column":16},"end":{"line":34,"column":54}},"17":{"start":{"line":5,"column":0},"end":{"line":37,"column":1}}},"fnMap":{"0":{"name":"(anonymous_6)","decl":{"start":{"line":9,"column":4},"end":{"line":9,"column":15}},"loc":{"start":{"line":9,"column":48},"end":{"line":11,"column":5}}},"1":{"name":"(anonymous_7)","decl":{"start":{"line":13,"column":11},"end":{"line":13,"column":16}},"loc":{"start":{"line":13,"column":21},"end":{"line":36,"column":5}}},"2":{"name":"(anonymous_8)","decl":{"start":{"line":15,"column":17},"end":{"line":15,"column":24}},"loc":{"start":{"line":15,"column":55},"end":{"line":22,"column":13}}},"3":{"name":"(anonymous_9)","decl":{"start":{"line":15,"column":55},"end":{"line":null,"column":-1}},"loc":{"start":{"line":15,"column":55},"end":{"line":22,"column":13}}},"4":{"name":"(anonymous_10)","decl":{"start":{"line":23,"column":18},"end":{"line":23,"column":25}},"loc":{"start":{"line":23,"column":56},"end":{"line":30,"column":13}}},"5":{"name":"(anonymous_11)","decl":{"start":{"line":23,"column":56},"end":{"line":null,"column":-1}},"loc":{"start":{"line":23,"column":56},"end":{"line":30,"column":13}}},"6":{"name":"(anonymous_12)","decl":{"start":{"line":32,"column":17},"end":{"line":32,"column":24}},"loc":{"start":{"line":32,"column":55},"end":{"line":35,"column":13}}},"7":{"name":"(anonymous_13)","decl":{"start":{"line":32,"column":55},"end":{"line":null,"column":-1}},"loc":{"start":{"line":32,"column":55},"end":{"line":35,"column":13}}}},"branchMap":{},"s":{"0":4,"1":4,"2":4,"3":0,"4":0,"5":0,"6":0,"7":0,"8":1,"9":1,"10":1,"11":1,"12":0,"13":4,"14":0,"15":0,"16":0,"17":4},"f":{"0":4,"1":4,"2":0,"3":0,"4":1,"5":1,"6":0,"7":0},"b":{}}
,"/Users/mkleen/Code/LuQS/server/lib/activity/activityService.ts": {"path":"/Users/mkleen/Code/LuQS/server/lib/activity/activityService.ts","statementMap":{"0":{"start":{"line":2,"column":0},"end":{"line":2,"column":31}},"1":{"start":{"line":4,"column":0},"end":{"line":4,"column":53}},"2":{"start":{"line":5,"column":0},"end":{"line":5,"column":22}},"3":{"start":{"line":14,"column":8},"end":{"line":14,"column":29}},"4":{"start":{"line":15,"column":8},"end":{"line":15,"column":35}},"5":{"start":{"line":16,"column":8},"end":{"line":16,"column":35}},"6":{"start":{"line":20,"column":8},"end":{"line":24,"column":42}},"7":{"start":{"line":24,"column":31},"end":{"line":24,"column":40}},"8":{"start":{"line":28,"column":25},"end":{"line":28,"column":43}},"9":{"start":{"line":29,"column":8},"end":{"line":34,"column":11}},"10":{"start":{"line":35,"column":8},"end":{"line":35,"column":24}},"11":{"start":{"line":39,"column":8},"end":{"line":43,"column":12}},"12":{"start":{"line":47,"column":8},"end":{"line":49,"column":9}},"13":{"start":{"line":48,"column":12},"end":{"line":48,"column":26}},"14":{"start":{"line":50,"column":8},"end":{"line":52,"column":9}},"15":{"start":{"line":51,"column":12},"end":{"line":51,"column":50}},"16":{"start":{"line":53,"column":8},"end":{"line":53,"column":17}},"17":{"start":{"line":57,"column":8},"end":{"line":59,"column":9}},"18":{"start":{"line":58,"column":12},"end":{"line":58,"column":59}},"19":{"start":{"line":62,"column":8},"end":{"line":62,"column":59}},"20":{"start":{"line":66,"column":23},"end":{"line":66,"column":94}},"21":{"start":{"line":67,"column":8},"end":{"line":67,"column":28}},"22":{"start":{"line":69,"column":21},"end":{"line":69,"column":23}},"23":{"start":{"line":70,"column":8},"end":{"line":72,"column":11}},"24":{"start":{"line":71,"column":12},"end":{"line":71,"column":23}},"25":{"start":{"line":7,"column":0},"end":{"line":75,"column":1}}},"fnMap":{"0":{"name":"(anonymous_6)","decl":{"start":{"line":13,"column":4},"end":{"line":13,"column":15}},"loc":{"start":{"line":13,"column":68},"end":{"line":17,"column":5}}},"1":{"name":"(anonymous_7)","decl":{"start":{"line":19,"column":10},"end":{"line":19,"column":12}},"loc":{"start":{"line":19,"column":27},"end":{"line":25,"column":5}}},"2":{"name":"(anonymous_9)","decl":{"start":{"line":24,"column":26},"end":{"line":24,"column":27}},"loc":{"start":{"line":24,"column":31},"end":{"line":24,"column":40}}},"3":{"name":"(anonymous_10)","decl":{"start":{"line":27,"column":10},"end":{"line":27,"column":15}},"loc":{"start":{"line":27,"column":28},"end":{"line":36,"column":5}}},"4":{"name":"(anonymous_12)","decl":{"start":{"line":38,"column":10},"end":{"line":38,"column":15}},"loc":{"start":{"line":38,"column":30},"end":{"line":44,"column":5}}},"5":{"name":"(anonymous_14)","decl":{"start":{"line":46,"column":4},"end":{"line":46,"column":13}},"loc":{"start":{"line":46,"column":26},"end":{"line":54,"column":5}}},"6":{"name":"(anonymous_15)","decl":{"start":{"line":56,"column":10},"end":{"line":56,"column":21}},"loc":{"start":{"line":56,"column":22},"end":{"line":60,"column":5}}},"7":{"name":"(anonymous_17)","decl":{"start":{"line":61,"column":10},"end":{"line":61,"column":19}},"loc":{"start":{"line":61,"column":20},"end":{"line":63,"column":5}}},"8":{"name":"(anonymous_19)","decl":{"start":{"line":65,"column":10},"end":{"line":65,"column":27}},"loc":{"start":{"line":65,"column":28},"end":{"line":73,"column":5}}},"9":{"name":"(anonymous_21)","decl":{"start":{"line":70,"column":80},"end":{"line":70,"column":88}},"loc":{"start":{"line":70,"column":92},"end":{"line":72,"column":9}}}},"branchMap":{"0":{"loc":{"start":{"line":47,"column":8},"end":{"line":49,"column":9}},"type":"if","locations":[{"start":{"line":47,"column":8},"end":{"line":49,"column":9}},{"start":{"line":47,"column":8},"end":{"line":49,"column":9}}]},"1":{"loc":{"start":{"line":50,"column":8},"end":{"line":52,"column":9}},"type":"if","locations":[{"start":{"line":50,"column":8},"end":{"line":52,"column":9}},{"start":{"line":50,"column":8},"end":{"line":52,"column":9}}]}},"s":{"0":4,"1":4,"2":4,"3":4,"4":4,"5":4,"6":0,"7":0,"8":1,"9":1,"10":1,"11":0,"12":1,"13":1,"14":1,"15":1,"16":1,"17":0,"18":0,"19":0,"20":0,"21":0,"22":0,"23":0,"24":0,"25":4},"f":{"0":4,"1":0,"2":0,"3":1,"4":0,"5":1,"6":0,"7":0,"8":0,"9":0},"b":{"0":[1,0],"1":[1,0]}}
,"/Users/mkleen/Code/LuQS/server/lib/admin/adminRouter.ts": {"path":"/Users/mkleen/Code/LuQS/server/lib/admin/adminRouter.ts","statementMap":{"0":{"start":{"line":9,"column":8},"end":{"line":9,"column":47}},"1":{"start":{"line":13,"column":8},"end":{"line":19,"column":15}},"2":{"start":{"line":14,"column":55},"end":{"line":19,"column":13}},"3":{"start":{"line":15,"column":16},"end":{"line":17,"column":19}},"4":{"start":{"line":18,"column":16},"end":{"line":18,"column":38}},"5":{"start":{"line":20,"column":8},"end":{"line":24,"column":15}},"6":{"start":{"line":21,"column":55},"end":{"line":24,"column":13}},"7":{"start":{"line":22,"column":16},"end":{"line":22,"column":52}},"8":{"start":{"line":23,"column":16},"end":{"line":23,"column":38}},"9":{"start":{"line":25,"column":8},"end":{"line":29,"column":14}},"10":{"start":{"line":26,"column":55},"end":{"line":29,"column":13}},"11":{"start":{"line":27,"column":16},"end":{"line":27,"column":56}},"12":{"start":{"line":28,"column":16},"end":{"line":28,"column":38}},"13":{"start":{"line":4,"column":0},"end":{"line":31,"column":1}}},"fnMap":{"0":{"name":"(anonymous_6)","decl":{"start":{"line":8,"column":4},"end":{"line":8,"column":15}},"loc":{"start":{"line":8,"column":48},"end":{"line":10,"column":5}}},"1":{"name":"(anonymous_7)","decl":{"start":{"line":12,"column":11},"end":{"line":12,"column":16}},"loc":{"start":{"line":12,"column":21},"end":{"line":30,"column":5}}},"2":{"name":"(anonymous_8)","decl":{"start":{"line":14,"column":17},"end":{"line":14,"column":24}},"loc":{"start":{"line":14,"column":55},"end":{"line":19,"column":13}}},"3":{"name":"(anonymous_9)","decl":{"start":{"line":14,"column":55},"end":{"line":null,"column":-1}},"loc":{"start":{"line":14,"column":55},"end":{"line":19,"column":13}}},"4":{"name":"(anonymous_10)","decl":{"start":{"line":21,"column":17},"end":{"line":21,"column":24}},"loc":{"start":{"line":21,"column":55},"end":{"line":24,"column":13}}},"5":{"name":"(anonymous_11)","decl":{"start":{"line":21,"column":55},"end":{"line":null,"column":-1}},"loc":{"start":{"line":21,"column":55},"end":{"line":24,"column":13}}},"6":{"name":"(anonymous_12)","decl":{"start":{"line":26,"column":17},"end":{"line":26,"column":24}},"loc":{"start":{"line":26,"column":55},"end":{"line":29,"column":13}}},"7":{"name":"(anonymous_13)","decl":{"start":{"line":26,"column":55},"end":{"line":null,"column":-1}},"loc":{"start":{"line":26,"column":55},"end":{"line":29,"column":13}}}},"branchMap":{},"s":{"0":4,"1":4,"2":0,"3":0,"4":0,"5":4,"6":0,"7":0,"8":0,"9":4,"10":0,"11":0,"12":0,"13":4},"f":{"0":4,"1":4,"2":0,"3":0,"4":0,"5":0,"6":0,"7":0},"b":{}}
,"/Users/mkleen/Code/LuQS/server/lib/core/db/mongo.ts": {"path":"/Users/mkleen/Code/LuQS/server/lib/core/db/mongo.ts","statementMap":{"0":{"start":{"line":1,"column":0},"end":{"line":1,"column":36}},"1":{"start":{"line":4,"column":4},"end":{"line":4,"column":52}},"2":{"start":{"line":7,"column":8},"end":{"line":13,"column":11}},"3":{"start":{"line":8,"column":12},"end":{"line":12,"column":13}},"4":{"start":{"line":9,"column":16},"end":{"line":9,"column":41}},"5":{"start":{"line":11,"column":16},"end":{"line":11,"column":67}},"6":{"start":{"line":18,"column":8},"end":{"line":18,"column":30}},"7":{"start":{"line":3,"column":0},"end":{"line":20,"column":1}}},"fnMap":{"0":{"name":"(anonymous_0)","decl":{"start":{"line":3,"column":0},"end":{"line":null,"column":-1}},"loc":{"start":{"line":3,"column":0},"end":{"line":20,"column":1}}},"1":{"name":"(anonymous_1)","decl":{"start":{"line":6,"column":11},"end":{"line":6,"column":17}},"loc":{"start":{"line":6,"column":18},"end":{"line":15,"column":5}}},"2":{"name":"(anonymous_2)","decl":{"start":{"line":7,"column":35},"end":{"line":7,"column":36}},"loc":{"start":{"line":7,"column":48},"end":{"line":13,"column":9}}},"3":{"name":"(anonymous_3)","decl":{"start":{"line":17,"column":11},"end":{"line":17,"column":20}},"loc":{"start":{"line":17,"column":21},"end":{"line":19,"column":5}}}},"branchMap":{"0":{"loc":{"start":{"line":8,"column":12},"end":{"line":12,"column":13}},"type":"if","locations":[{"start":{"line":8,"column":12},"end":{"line":12,"column":13}},{"start":{"line":8,"column":12},"end":{"line":12,"column":13}}]}},"s":{"0":3,"1":3,"2":18,"3":18,"4":0,"5":18,"6":18,"7":3},"f":{"0":3,"1":18,"2":18,"3":18},"b":{"0":[0,18]}}
,"/Users/mkleen/Code/LuQS/server/lib/dashboard/dashboard.ts": {"path":"/Users/mkleen/Code/LuQS/server/lib/dashboard/dashboard.ts","statementMap":{"0":{"start":{"line":1,"column":0},"end":{"line":1,"column":56}},"1":{"start":{"line":13,"column":13},"end":{"line":17,"column":3}}},"fnMap":{},"branchMap":{},"s":{"0":4,"1":4},"f":{},"b":{}}
,"/Users/mkleen/Code/LuQS/server/lib/dashboard/dashboardRouter.ts": {"path":"/Users/mkleen/Code/LuQS/server/lib/dashboard/dashboardRouter.ts","statementMap":{"0":{"start":{"line":2,"column":0},"end":{"line":2,"column":36}},"1":{"start":{"line":3,"column":0},"end":{"line":3,"column":60}},"2":{"start":{"line":5,"column":0},"end":{"line":5,"column":29}},"3":{"start":{"line":6,"column":0},"end":{"line":6,"column":94}},"4":{"start":{"line":12,"column":13},"end":{"line":12,"column":111}},"5":{"start":{"line":15,"column":8},"end":{"line":24,"column":15}},"6":{"start":{"line":16,"column":55},"end":{"line":19,"column":13}},"7":{"start":{"line":17,"column":29},"end":{"line":17,"column":63}},"8":{"start":{"line":18,"column":16},"end":{"line":18,"column":44}},"9":{"start":{"line":20,"column":56},"end":{"line":24,"column":13}},"10":{"start":{"line":22,"column":29},"end":{"line":22,"column":66}},"11":{"start":{"line":23,"column":16},"end":{"line":23,"column":44}},"12":{"start":{"line":25,"column":8},"end":{"line":55,"column":15}},"13":{"start":{"line":26,"column":55},"end":{"line":44,"column":13}},"14":{"start":{"line":27,"column":27},"end":{"line":27,"column":40}},"15":{"start":{"line":28,"column":16},"end":{"line":42,"column":17}},"16":{"start":{"line":29,"column":34},"end":{"line":29,"column":67}},"17":{"start":{"line":30,"column":20},"end":{"line":32,"column":21}},"18":{"start":{"line":31,"column":24},"end":{"line":31,"column":60}},"19":{"start":{"line":33,"column":33},"end":{"line":33,"column":53}},"20":{"start":{"line":34,"column":20},"end":{"line":37,"column":21}},"21":{"start":{"line":35,"column":24},"end":{"line":35,"column":47}},"22":{"start":{"line":36,"column":24},"end":{"line":36,"column":31}},"23":{"start":{"line":38,"column":20},"end":{"line":38,"column":48}},"24":{"start":{"line":41,"column":20},"end":{"line":41,"column":42}},"25":{"start":{"line":45,"column":58},"end":{"line":49,"column":13}},"26":{"start":{"line":46,"column":27},"end":{"line":46,"column":40}},"27":{"start":{"line":47,"column":29},"end":{"line":47,"column":77}},"28":{"start":{"line":48,"column":16},"end":{"line":48,"column":44}},"29":{"start":{"line":50,"column":55},"end":{"line":55,"column":13}},"30":{"start":{"line":51,"column":27},"end":{"line":51,"column":40}},"31":{"start":{"line":52,"column":16},"end":{"line":52,"column":72}},"32":{"start":{"line":53,"column":29},"end":{"line":53,"column":69}},"33":{"start":{"line":54,"column":16},"end":{"line":54,"column":44}},"34":{"start":{"line":56,"column":8},"end":{"line":89,"column":15}},"35":{"start":{"line":60,"column":53},"end":{"line":72,"column":13}},"36":{"start":{"line":61,"column":31},"end":{"line":61,"column":52}},"37":{"start":{"line":62,"column":16},"end":{"line":64,"column":17}},"38":{"start":{"line":63,"column":20},"end":{"line":63,"column":76}},"39":{"start":{"line":66,"column":36},"end":{"line":66,"column":49}},"40":{"start":{"line":67,"column":29},"end":{"line":67,"column":77}},"41":{"start":{"line":69,"column":16},"end":{"line":69,"column":53}},"42":{"start":{"line":70,"column":16},"end":{"line":70,"column":36}},"43":{"start":{"line":71,"column":16},"end":{"line":71,"column":44}},"44":{"start":{"line":73,"column":55},"end":{"line":89,"column":13}},"45":{"start":{"line":74,"column":27},"end":{"line":74,"column":40}},"46":{"start":{"line":75,"column":29},"end":{"line":86,"column":29}},"47":{"start":{"line":88,"column":16},"end":{"line":88,"column":51}},"48":{"start":{"line":90,"column":8},"end":{"line":106,"column":14}},"49":{"start":{"line":91,"column":58},"end":{"line":106,"column":13}},"50":{"start":{"line":93,"column":36},"end":{"line":93,"column":49}},"51":{"start":{"line":94,"column":32},"end":{"line":94,"column":50}},"52":{"start":{"line":95,"column":16},"end":{"line":105,"column":18}},"53":{"start":{"line":99,"column":24},"end":{"line":103,"column":25}},"54":{"start":{"line":100,"column":28},"end":{"line":100,"column":45}},"55":{"start":{"line":102,"column":28},"end":{"line":102,"column":50}},"56":{"start":{"line":10,"column":0},"end":{"line":110,"column":1}}},"fnMap":{"0":{"name":"(anonymous_6)","decl":{"start":{"line":10,"column":0},"end":{"line":null,"column":-1}},"loc":{"start":{"line":10,"column":0},"end":{"line":110,"column":1}}},"1":{"name":"(anonymous_7)","decl":{"start":{"line":14,"column":11},"end":{"line":14,"column":16}},"loc":{"start":{"line":14,"column":21},"end":{"line":109,"column":5}}},"2":{"name":"(anonymous_8)","decl":{"start":{"line":16,"column":17},"end":{"line":16,"column":24}},"loc":{"start":{"line":16,"column":55},"end":{"line":19,"column":13}}},"3":{"name":"(anonymous_9)","decl":{"start":{"line":16,"column":55},"end":{"line":null,"column":-1}},"loc":{"start":{"line":16,"column":55},"end":{"line":19,"column":13}}},"4":{"name":"(anonymous_10)","decl":{"start":{"line":20,"column":18},"end":{"line":20,"column":25}},"loc":{"start":{"line":20,"column":56},"end":{"line":24,"column":13}}},"5":{"name":"(anonymous_11)","decl":{"start":{"line":20,"column":56},"end":{"line":null,"column":-1}},"loc":{"start":{"line":20,"column":56},"end":{"line":24,"column":13}}},"6":{"name":"(anonymous_12)","decl":{"start":{"line":26,"column":17},"end":{"line":26,"column":24}},"loc":{"start":{"line":26,"column":55},"end":{"line":44,"column":13}}},"7":{"name":"(anonymous_13)","decl":{"start":{"line":26,"column":55},"end":{"line":null,"column":-1}},"loc":{"start":{"line":26,"column":55},"end":{"line":44,"column":13}}},"8":{"name":"(anonymous_14)","decl":{"start":{"line":45,"column":20},"end":{"line":45,"column":27}},"loc":{"start":{"line":45,"column":58},"end":{"line":49,"column":13}}},"9":{"name":"(anonymous_15)","decl":{"start":{"line":45,"column":58},"end":{"line":null,"column":-1}},"loc":{"start":{"line":45,"column":58},"end":{"line":49,"column":13}}},"10":{"name":"(anonymous_16)","decl":{"start":{"line":50,"column":17},"end":{"line":50,"column":24}},"loc":{"start":{"line":50,"column":55},"end":{"line":55,"column":13}}},"11":{"name":"(anonymous_17)","decl":{"start":{"line":50,"column":55},"end":{"line":null,"column":-1}},"loc":{"start":{"line":50,"column":55},"end":{"line":55,"column":13}}},"12":{"name":"(anonymous_18)","decl":{"start":{"line":60,"column":15},"end":{"line":60,"column":22}},"loc":{"start":{"line":60,"column":53},"end":{"line":72,"column":13}}},"13":{"name":"(anonymous_19)","decl":{"start":{"line":60,"column":53},"end":{"line":null,"column":-1}},"loc":{"start":{"line":60,"column":53},"end":{"line":72,"column":13}}},"14":{"name":"(anonymous_20)","decl":{"start":{"line":73,"column":17},"end":{"line":73,"column":24}},"loc":{"start":{"line":73,"column":55},"end":{"line":89,"column":13}}},"15":{"name":"(anonymous_21)","decl":{"start":{"line":73,"column":55},"end":{"line":null,"column":-1}},"loc":{"start":{"line":73,"column":55},"end":{"line":89,"column":13}}},"16":{"name":"(anonymous_22)","decl":{"start":{"line":91,"column":20},"end":{"line":91,"column":27}},"loc":{"start":{"line":91,"column":58},"end":{"line":106,"column":13}}},"17":{"name":"(anonymous_23)","decl":{"start":{"line":91,"column":58},"end":{"line":null,"column":-1}},"loc":{"start":{"line":91,"column":58},"end":{"line":106,"column":13}}},"18":{"name":"(anonymous_24)","decl":{"start":{"line":98,"column":20},"end":{"line":98,"column":28}},"loc":{"start":{"line":98,"column":37},"end":{"line":104,"column":21}}}},"branchMap":{"0":{"loc":{"start":{"line":30,"column":20},"end":{"line":32,"column":21}},"type":"if","locations":[{"start":{"line":30,"column":20},"end":{"line":32,"column":21}},{"start":{"line":30,"column":20},"end":{"line":32,"column":21}}]},"1":{"loc":{"start":{"line":34,"column":20},"end":{"line":37,"column":21}},"type":"if","locations":[{"start":{"line":34,"column":20},"end":{"line":37,"column":21}},{"start":{"line":34,"column":20},"end":{"line":37,"column":21}}]},"2":{"loc":{"start":{"line":62,"column":16},"end":{"line":64,"column":17}},"type":"if","locations":[{"start":{"line":62,"column":16},"end":{"line":64,"column":17}},{"start":{"line":62,"column":16},"end":{"line":64,"column":17}}]},"3":{"loc":{"start":{"line":99,"column":24},"end":{"line":103,"column":25}},"type":"if","locations":[{"start":{"line":99,"column":24},"end":{"line":103,"column":25}},{"start":{"line":99,"column":24},"end":{"line":103,"column":25}}]}},"s":{"0":4,"1":4,"2":4,"3":4,"4":4,"5":4,"6":0,"7":0,"8":0,"9":4,"10":4,"11":4,"12":4,"13":6,"14":6,"15":6,"16":6,"17":6,"18":0,"19":6,"20":5,"21":2,"22":2,"23":3,"24":1,"25":1,"26":1,"27":1,"28":1,"29":1,"30":1,"31":1,"32":1,"33":1,"34":4,"35":2,"36":2,"37":2,"38":1,"39":1,"40":1,"41":1,"42":1,"43":1,"44":1,"45":1,"46":1,"47":1,"48":4,"49":0,"50":0,"51":0,"52":0,"53":0,"54":0,"55":0,"56":4},"f":{"0":4,"1":4,"2":0,"3":0,"4":4,"5":4,"6":6,"7":6,"8":1,"9":1,"10":1,"11":1,"12":2,"13":2,"14":1,"15":1,"16":0,"17":0,"18":0},"b":{"0":[0,6],"1":[2,3],"2":[1,1],"3":[0,0]}}
,"/Users/mkleen/Code/LuQS/server/lib/datapoint/datapointModel.ts": {"path":"/Users/mkleen/Code/LuQS/server/lib/datapoint/datapointModel.ts","statementMap":{"0":{"start":{"line":1,"column":0},"end":{"line":1,"column":88}},"1":{"start":{"line":6,"column":0},"end":{"line":6,"column":36}},"2":{"start":{"line":11,"column":13},"end":{"line":11,"column":116}},"3":{"start":{"line":14,"column":8},"end":{"line":14,"column":49}},"4":{"start":{"line":18,"column":42},"end":{"line":18,"column":87}},"5":{"start":{"line":19,"column":8},"end":{"line":31,"column":9}},"6":{"start":{"line":20,"column":25},"end":{"line":20,"column":27}},"7":{"start":{"line":21,"column":12},"end":{"line":29,"column":13}},"8":{"start":{"line":22,"column":16},"end":{"line":22,"column":46}},"9":{"start":{"line":23,"column":45},"end":{"line":23,"column":83}},"10":{"start":{"line":24,"column":16},"end":{"line":28,"column":17}},"11":{"start":{"line":25,"column":20},"end":{"line":25,"column":52}},"12":{"start":{"line":26,"column":20},"end":{"line":26,"column":109}},"13":{"start":{"line":26,"column":59},"end":{"line":26,"column":87}},"14":{"start":{"line":27,"column":20},"end":{"line":27,"column":47}},"15":{"start":{"line":30,"column":12},"end":{"line":30,"column":26}},"16":{"start":{"line":32,"column":8},"end":{"line":32,"column":20}},"17":{"start":{"line":36,"column":8},"end":{"line":36,"column":90}},"18":{"start":{"line":8,"column":0},"end":{"line":38,"column":1}}},"fnMap":{"0":{"name":"(anonymous_6)","decl":{"start":{"line":13,"column":4},"end":{"line":13,"column":15}},"loc":{"start":{"line":13,"column":50},"end":{"line":15,"column":5}}},"1":{"name":"(anonymous_7)","decl":{"start":{"line":17,"column":10},"end":{"line":17,"column":22}},"loc":{"start":{"line":17,"column":45},"end":{"line":33,"column":5}}},"2":{"name":"(anonymous_9)","decl":{"start":{"line":26,"column":54},"end":{"line":26,"column":55}},"loc":{"start":{"line":26,"column":59},"end":{"line":26,"column":87}}},"3":{"name":"(anonymous_10)","decl":{"start":{"line":35,"column":10},"end":{"line":35,"column":22}},"loc":{"start":{"line":35,"column":34},"end":{"line":37,"column":5}}}},"branchMap":{"0":{"loc":{"start":{"line":19,"column":8},"end":{"line":31,"column":9}},"type":"if","locations":[{"start":{"line":19,"column":8},"end":{"line":31,"column":9}},{"start":{"line":19,"column":8},"end":{"line":31,"column":9}}]},"1":{"loc":{"start":{"line":24,"column":16},"end":{"line":28,"column":17}},"type":"if","locations":[{"start":{"line":24,"column":16},"end":{"line":28,"column":17}},{"start":{"line":24,"column":16},"end":{"line":28,"column":17}}]},"2":{"loc":{"start":{"line":26,"column":38},"end":{"line":26,"column":95}},"type":"binary-expr","locations":[{"start":{"line":26,"column":38},"end":{"line":26,"column":95}},{"start":{"line":26,"column":99},"end":{"line":26,"column":108}}]}},"s":{"0":4,"1":4,"2":4,"3":4,"4":0,"5":0,"6":0,"7":0,"8":0,"9":0,"10":0,"11":0,"12":0,"13":0,"14":0,"15":0,"16":0,"17":0,"18":4},"f":{"0":4,"1":0,"2":0,"3":0},"b":{"0":[0,0],"1":[0,0],"2":[0,0]}}
,"/Users/mkleen/Code/LuQS/server/lib/datapoint/datapointQuery.ts": {"path":"/Users/mkleen/Code/LuQS/server/lib/datapoint/datapointQuery.ts","statementMap":{"0":{"start":{"line":7,"column":4},"end":{"line":7,"column":30}},"1":{"start":{"line":11,"column":8},"end":{"line":11,"column":72}},"2":{"start":{"line":15,"column":8},"end":{"line":15,"column":42}},"3":{"start":{"line":3,"column":0},"end":{"line":17,"column":1}}},"fnMap":{"0":{"name":"(anonymous_0)","decl":{"start":{"line":3,"column":0},"end":{"line":null,"column":-1}},"loc":{"start":{"line":3,"column":0},"end":{"line":17,"column":1}}},"1":{"name":"(anonymous_1)","decl":{"start":{"line":10,"column":4},"end":{"line":10,"column":10}},"loc":{"start":{"line":10,"column":11},"end":{"line":12,"column":5}}},"2":{"name":"(anonymous_2)","decl":{"start":{"line":14,"column":4},"end":{"line":14,"column":12}},"loc":{"start":{"line":14,"column":13},"end":{"line":16,"column":5}}}},"branchMap":{"0":{"loc":{"start":{"line":11,"column":15},"end":{"line":11,"column":26}},"type":"binary-expr","locations":[{"start":{"line":11,"column":15},"end":{"line":11,"column":26}},{"start":{"line":11,"column":30},"end":{"line":11,"column":41}},{"start":{"line":11,"column":45},"end":{"line":11,"column":71}}]},"1":{"loc":{"start":{"line":15,"column":15},"end":{"line":15,"column":26}},"type":"binary-expr","locations":[{"start":{"line":15,"column":15},"end":{"line":15,"column":26}},{"start":{"line":15,"column":30},"end":{"line":15,"column":41}}]}},"s":{"0":0,"1":0,"2":0,"3":4},"f":{"0":0,"1":0,"2":0},"b":{"0":[0,0,0],"1":[0,0]}}
,"/Users/mkleen/Code/LuQS/server/lib/datapoint/datapointRouter.ts": {"path":"/Users/mkleen/Code/LuQS/server/lib/datapoint/datapointRouter.ts","statementMap":{"0":{"start":{"line":2,"column":0},"end":{"line":2,"column":47}},"1":{"start":{"line":10,"column":8},"end":{"line":10,"column":27}},"2":{"start":{"line":14,"column":8},"end":{"line":32,"column":15}},"3":{"start":{"line":15,"column":55},"end":{"line":32,"column":13}},"4":{"start":{"line":16,"column":28},"end":{"line":16,"column":48}},"5":{"start":{"line":17,"column":16},"end":{"line":19,"column":17}},"6":{"start":{"line":18,"column":20},"end":{"line":18,"column":80}},"7":{"start":{"line":20,"column":16},"end":{"line":22,"column":17}},"8":{"start":{"line":21,"column":20},"end":{"line":21,"column":80}},"9":{"start":{"line":23,"column":16},"end":{"line":23,"column":73}},"10":{"start":{"line":25,"column":31},"end":{"line":25,"column":68}},"11":{"start":{"line":27,"column":16},"end":{"line":31,"column":17}},"12":{"start":{"line":28,"column":20},"end":{"line":28,"column":49}},"13":{"start":{"line":30,"column":20},"end":{"line":30,"column":43}},"14":{"start":{"line":5,"column":0},"end":{"line":34,"column":1}}},"fnMap":{"0":{"name":"(anonymous_6)","decl":{"start":{"line":9,"column":4},"end":{"line":9,"column":15}},"loc":{"start":{"line":9,"column":37},"end":{"line":11,"column":5}}},"1":{"name":"(anonymous_7)","decl":{"start":{"line":13,"column":11},"end":{"line":13,"column":16}},"loc":{"start":{"line":13,"column":21},"end":{"line":33,"column":5}}},"2":{"name":"(anonymous_8)","decl":{"start":{"line":15,"column":17},"end":{"line":15,"column":24}},"loc":{"start":{"line":15,"column":55},"end":{"line":32,"column":13}}},"3":{"name":"(anonymous_9)","decl":{"start":{"line":15,"column":55},"end":{"line":null,"column":-1}},"loc":{"start":{"line":15,"column":55},"end":{"line":32,"column":13}}}},"branchMap":{"0":{"loc":{"start":{"line":17,"column":16},"end":{"line":19,"column":17}},"type":"if","locations":[{"start":{"line":17,"column":16},"end":{"line":19,"column":17}},{"start":{"line":17,"column":16},"end":{"line":19,"column":17}}]},"1":{"loc":{"start":{"line":20,"column":16},"end":{"line":22,"column":17}},"type":"if","locations":[{"start":{"line":20,"column":16},"end":{"line":22,"column":17}},{"start":{"line":20,"column":16},"end":{"line":22,"column":17}}]},"2":{"loc":{"start":{"line":27,"column":16},"end":{"line":31,"column":17}},"type":"if","locations":[{"start":{"line":27,"column":16},"end":{"line":31,"column":17}},{"start":{"line":27,"column":16},"end":{"line":31,"column":17}}]}},"s":{"0":4,"1":4,"2":4,"3":0,"4":0,"5":0,"6":0,"7":0,"8":0,"9":0,"10":0,"11":0,"12":0,"13":0,"14":4},"f":{"0":4,"1":4,"2":0,"3":0},"b":{"0":[0,0],"1":[0,0],"2":[0,0]}}
,"/Users/mkleen/Code/LuQS/server/lib/datapoint/datapointService.ts": {"path":"/Users/mkleen/Code/LuQS/server/lib/datapoint/datapointService.ts","statementMap":{"0":{"start":{"line":3,"column":0},"end":{"line":3,"column":39}},"1":{"start":{"line":4,"column":0},"end":{"line":4,"column":54}},"2":{"start":{"line":14,"column":8},"end":{"line":14,"column":29}},"3":{"start":{"line":15,"column":8},"end":{"line":15,"column":35}},"4":{"start":{"line":16,"column":8},"end":{"line":16,"column":35}},"5":{"start":{"line":20,"column":24},"end":{"line":20,"column":60}},"6":{"start":{"line":21,"column":20},"end":{"line":21,"column":48}},"7":{"start":{"line":22,"column":21},"end":{"line":26,"column":9}},"8":{"start":{"line":27,"column":25},"end":{"line":31,"column":10}},"9":{"start":{"line":32,"column":8},"end":{"line":32,"column":47}},"10":{"start":{"line":36,"column":24},"end":{"line":36,"column":62}},"11":{"start":{"line":37,"column":21},"end":{"line":37,"column":23}},"12":{"start":{"line":38,"column":8},"end":{"line":42,"column":11}},"13":{"start":{"line":39,"column":25},"end":{"line":39,"column":43}},"14":{"start":{"line":40,"column":26},"end":{"line":40,"column":40}},"15":{"start":{"line":41,"column":12},"end":{"line":41,"column":33}},"16":{"start":{"line":43,"column":21},"end":{"line":43,"column":37}},"17":{"start":{"line":44,"column":8},"end":{"line":44,"column":29}},"18":{"start":{"line":45,"column":8},"end":{"line":45,"column":22}},"19":{"start":{"line":49,"column":8},"end":{"line":60,"column":10}},"20":{"start":{"line":7,"column":0},"end":{"line":62,"column":1}}},"fnMap":{"0":{"name":"(anonymous_6)","decl":{"start":{"line":13,"column":4},"end":{"line":13,"column":15}},"loc":{"start":{"line":13,"column":68},"end":{"line":17,"column":5}}},"1":{"name":"(anonymous_7)","decl":{"start":{"line":19,"column":10},"end":{"line":19,"column":12}},"loc":{"start":{"line":19,"column":35},"end":{"line":33,"column":5}}},"2":{"name":"(anonymous_9)","decl":{"start":{"line":35,"column":4},"end":{"line":35,"column":18}},"loc":{"start":{"line":35,"column":54},"end":{"line":46,"column":5}}},"3":{"name":"(anonymous_10)","decl":{"start":{"line":38,"column":20},"end":{"line":38,"column":21}},"loc":{"start":{"line":38,"column":24},"end":{"line":42,"column":9}}},"4":{"name":"(anonymous_11)","decl":{"start":{"line":48,"column":4},"end":{"line":48,"column":19}},"loc":{"start":{"line":48,"column":42},"end":{"line":61,"column":5}}}},"branchMap":{},"s":{"0":4,"1":4,"2":4,"3":4,"4":4,"5":0,"6":0,"7":0,"8":0,"9":0,"10":0,"11":0,"12":0,"13":0,"14":0,"15":0,"16":0,"17":0,"18":0,"19":0,"20":4},"f":{"0":4,"1":0,"2":0,"3":0,"4":0},"b":{}}
,"/Users/mkleen/Code/LuQS/server/lib/datapoint/datapoints.ts": {"path":"/Users/mkleen/Code/LuQS/server/lib/datapoint/datapoints.ts","statementMap":{"0":{"start":{"line":3,"column":0},"end":{"line":7,"column":1}}},"fnMap":{},"branchMap":{},"s":{"0":4},"f":{},"b":{}}
,"/Users/mkleen/Code/LuQS/server/lib/dataseries/dataseries.ts": {"path":"/Users/mkleen/Code/LuQS/server/lib/dataseries/dataseries.ts","statementMap":{"0":{"start":{"line":1,"column":0},"end":{"line":1,"column":41}},"1":{"start":{"line":20,"column":33},"end":{"line":20,"column":49}},"2":{"start":{"line":21,"column":8},"end":{"line":21,"column":30}},"3":{"start":{"line":22,"column":8},"end":{"line":22,"column":32}},"4":{"start":{"line":23,"column":8},"end":{"line":23,"column":42}},"5":{"start":{"line":24,"column":8},"end":{"line":24,"column":42}},"6":{"start":{"line":25,"column":8},"end":{"line":25,"column":42}},"7":{"start":{"line":26,"column":8},"end":{"line":26,"column":22}},"8":{"start":{"line":12,"column":0},"end":{"line":28,"column":1}},"9":{"start":{"line":33,"column":13},"end":{"line":40,"column":3}}},"fnMap":{"0":{"name":"(anonymous_0)","decl":{"start":{"line":19,"column":4},"end":{"line":19,"column":9}},"loc":{"start":{"line":19,"column":34},"end":{"line":27,"column":5}}}},"branchMap":{},"s":{"0":4,"1":0,"2":0,"3":0,"4":0,"5":0,"6":0,"7":0,"8":4,"9":4},"f":{"0":0},"b":{}}
,"/Users/mkleen/Code/LuQS/server/lib/dataseries/dataseriesRouter.ts": {"path":"/Users/mkleen/Code/LuQS/server/lib/dataseries/dataseriesRouter.ts","statementMap":{"0":{"start":{"line":2,"column":0},"end":{"line":2,"column":36}},"1":{"start":{"line":3,"column":0},"end":{"line":3,"column":88}},"2":{"start":{"line":5,"column":0},"end":{"line":5,"column":55}},"3":{"start":{"line":6,"column":0},"end":{"line":6,"column":29}},"4":{"start":{"line":10,"column":13},"end":{"line":10,"column":91}},"5":{"start":{"line":11,"column":13},"end":{"line":11,"column":116}},"6":{"start":{"line":14,"column":8},"end":{"line":22,"column":15}},"7":{"start":{"line":15,"column":55},"end":{"line":18,"column":13}},"8":{"start":{"line":16,"column":29},"end":{"line":16,"column":86}},"9":{"start":{"line":17,"column":16},"end":{"line":17,"column":45}},"10":{"start":{"line":19,"column":56},"end":{"line":22,"column":13}},"11":{"start":{"line":20,"column":29},"end":{"line":20,"column":67}},"12":{"start":{"line":21,"column":16},"end":{"line":21,"column":45}},"13":{"start":{"line":23,"column":8},"end":{"line":48,"column":15}},"14":{"start":{"line":24,"column":55},"end":{"line":37,"column":13}},"15":{"start":{"line":25,"column":16},"end":{"line":36,"column":17}},"16":{"start":{"line":26,"column":31},"end":{"line":26,"column":44}},"17":{"start":{"line":27,"column":48},"end":{"line":27,"column":117}},"18":{"start":{"line":28,"column":20},"end":{"line":32,"column":21}},"19":{"start":{"line":29,"column":24},"end":{"line":29,"column":53}},"20":{"start":{"line":31,"column":24},"end":{"line":31,"column":47}},"21":{"start":{"line":35,"column":20},"end":{"line":35,"column":42}},"22":{"start":{"line":38,"column":58},"end":{"line":42,"column":13}},"23":{"start":{"line":39,"column":27},"end":{"line":39,"column":40}},"24":{"start":{"line":40,"column":29},"end":{"line":40,"column":78}},"25":{"start":{"line":41,"column":16},"end":{"line":41,"column":45}},"26":{"start":{"line":43,"column":55},"end":{"line":48,"column":13}},"27":{"start":{"line":44,"column":27},"end":{"line":44,"column":40}},"28":{"start":{"line":45,"column":16},"end":{"line":45,"column":76}},"29":{"start":{"line":46,"column":31},"end":{"line":46,"column":94}},"30":{"start":{"line":47,"column":16},"end":{"line":47,"column":45}},"31":{"start":{"line":49,"column":8},"end":{"line":58,"column":15}},"32":{"start":{"line":50,"column":56},"end":{"line":58,"column":13}},"33":{"start":{"line":51,"column":37},"end":{"line":51,"column":50}},"34":{"start":{"line":52,"column":29},"end":{"line":52,"column":79}},"35":{"start":{"line":54,"column":16},"end":{"line":54,"column":52}},"36":{"start":{"line":55,"column":16},"end":{"line":55,"column":36}},"37":{"start":{"line":56,"column":16},"end":{"line":56,"column":105}},"38":{"start":{"line":57,"column":16},"end":{"line":57,"column":55}},"39":{"start":{"line":60,"column":8},"end":{"line":75,"column":15}},"40":{"start":{"line":61,"column":58},"end":{"line":75,"column":13}},"41":{"start":{"line":62,"column":37},"end":{"line":62,"column":50}},"42":{"start":{"line":63,"column":35},"end":{"line":63,"column":56}},"43":{"start":{"line":64,"column":16},"end":{"line":74,"column":18}},"44":{"start":{"line":68,"column":24},"end":{"line":72,"column":25}},"45":{"start":{"line":69,"column":28},"end":{"line":69,"column":45}},"46":{"start":{"line":71,"column":28},"end":{"line":71,"column":50}},"47":{"start":{"line":8,"column":0},"end":{"line":77,"column":1}}},"fnMap":{"0":{"name":"(anonymous_6)","decl":{"start":{"line":8,"column":0},"end":{"line":null,"column":-1}},"loc":{"start":{"line":8,"column":0},"end":{"line":77,"column":1}}},"1":{"name":"(anonymous_7)","decl":{"start":{"line":13,"column":11},"end":{"line":13,"column":16}},"loc":{"start":{"line":13,"column":21},"end":{"line":76,"column":5}}},"2":{"name":"(anonymous_8)","decl":{"start":{"line":15,"column":17},"end":{"line":15,"column":24}},"loc":{"start":{"line":15,"column":55},"end":{"line":18,"column":13}}},"3":{"name":"(anonymous_9)","decl":{"start":{"line":15,"column":55},"end":{"line":null,"column":-1}},"loc":{"start":{"line":15,"column":55},"end":{"line":18,"column":13}}},"4":{"name":"(anonymous_10)","decl":{"start":{"line":19,"column":18},"end":{"line":19,"column":25}},"loc":{"start":{"line":19,"column":56},"end":{"line":22,"column":13}}},"5":{"name":"(anonymous_11)","decl":{"start":{"line":19,"column":56},"end":{"line":null,"column":-1}},"loc":{"start":{"line":19,"column":56},"end":{"line":22,"column":13}}},"6":{"name":"(anonymous_12)","decl":{"start":{"line":24,"column":17},"end":{"line":24,"column":24}},"loc":{"start":{"line":24,"column":55},"end":{"line":37,"column":13}}},"7":{"name":"(anonymous_13)","decl":{"start":{"line":24,"column":55},"end":{"line":null,"column":-1}},"loc":{"start":{"line":24,"column":55},"end":{"line":37,"column":13}}},"8":{"name":"(anonymous_14)","decl":{"start":{"line":38,"column":20},"end":{"line":38,"column":27}},"loc":{"start":{"line":38,"column":58},"end":{"line":42,"column":13}}},"9":{"name":"(anonymous_15)","decl":{"start":{"line":38,"column":58},"end":{"line":null,"column":-1}},"loc":{"start":{"line":38,"column":58},"end":{"line":42,"column":13}}},"10":{"name":"(anonymous_16)","decl":{"start":{"line":43,"column":17},"end":{"line":43,"column":24}},"loc":{"start":{"line":43,"column":55},"end":{"line":48,"column":13}}},"11":{"name":"(anonymous_17)","decl":{"start":{"line":43,"column":55},"end":{"line":null,"column":-1}},"loc":{"start":{"line":43,"column":55},"end":{"line":48,"column":13}}},"12":{"name":"(anonymous_18)","decl":{"start":{"line":50,"column":18},"end":{"line":50,"column":25}},"loc":{"start":{"line":50,"column":56},"end":{"line":58,"column":13}}},"13":{"name":"(anonymous_19)","decl":{"start":{"line":50,"column":56},"end":{"line":null,"column":-1}},"loc":{"start":{"line":50,"column":56},"end":{"line":58,"column":13}}},"14":{"name":"(anonymous_20)","decl":{"start":{"line":61,"column":20},"end":{"line":61,"column":27}},"loc":{"start":{"line":61,"column":58},"end":{"line":75,"column":13}}},"15":{"name":"(anonymous_21)","decl":{"start":{"line":61,"column":58},"end":{"line":null,"column":-1}},"loc":{"start":{"line":61,"column":58},"end":{"line":75,"column":13}}},"16":{"name":"(anonymous_22)","decl":{"start":{"line":67,"column":20},"end":{"line":67,"column":28}},"loc":{"start":{"line":67,"column":37},"end":{"line":73,"column":21}}}},"branchMap":{"0":{"loc":{"start":{"line":28,"column":20},"end":{"line":32,"column":21}},"type":"if","locations":[{"start":{"line":28,"column":20},"end":{"line":32,"column":21}},{"start":{"line":28,"column":20},"end":{"line":32,"column":21}}]},"1":{"loc":{"start":{"line":68,"column":24},"end":{"line":72,"column":25}},"type":"if","locations":[{"start":{"line":68,"column":24},"end":{"line":72,"column":25}},{"start":{"line":68,"column":24},"end":{"line":72,"column":25}}]}},"s":{"0":4,"1":4,"2":4,"3":4,"4":4,"5":4,"6":4,"7":0,"8":0,"9":0,"10":4,"11":4,"12":4,"13":4,"14":7,"15":7,"16":7,"17":7,"18":6,"19":4,"20":2,"21":1,"22":1,"23":1,"24":1,"25":1,"26":1,"27":1,"28":1,"29":1,"30":1,"31":4,"32":1,"33":1,"34":1,"35":1,"36":1,"37":1,"38":1,"39":4,"40":0,"41":0,"42":0,"43":0,"44":0,"45":0,"46":0,"47":4},"f":{"0":4,"1":4,"2":0,"3":0,"4":4,"5":4,"6":7,"7":7,"8":1,"9":1,"10":1,"11":1,"12":1,"13":1,"14":0,"15":0,"16":0},"b":{"0":[4,2],"1":[0,0]}}
,"/Users/mkleen/Code/LuQS/server/lib/graph/graph.ts": {"path":"/Users/mkleen/Code/LuQS/server/lib/graph/graph.ts","statementMap":{"0":{"start":{"line":1,"column":0},"end":{"line":1,"column":42}},"1":{"start":{"line":28,"column":28},"end":{"line":28,"column":39}},"2":{"start":{"line":29,"column":8},"end":{"line":29,"column":30}},"3":{"start":{"line":30,"column":8},"end":{"line":30,"column":32}},"4":{"start":{"line":31,"column":8},"end":{"line":31,"column":46}},"5":{"start":{"line":32,"column":8},"end":{"line":32,"column":42}},"6":{"start":{"line":33,"column":8},"end":{"line":33,"column":44}},"7":{"start":{"line":34,"column":8},"end":{"line":34,"column":34}},"8":{"start":{"line":35,"column":8},"end":{"line":35,"column":32}},"9":{"start":{"line":36,"column":8},"end":{"line":36,"column":34}},"10":{"start":{"line":37,"column":8},"end":{"line":37,"column":44}},"11":{"start":{"line":38,"column":8},"end":{"line":38,"column":22}},"12":{"start":{"line":16,"column":0},"end":{"line":41,"column":1}},"13":{"start":{"line":46,"column":13},"end":{"line":55,"column":3}}},"fnMap":{"0":{"name":"(anonymous_0)","decl":{"start":{"line":27,"column":4},"end":{"line":27,"column":9}},"loc":{"start":{"line":27,"column":29},"end":{"line":39,"column":5}}}},"branchMap":{},"s":{"0":4,"1":0,"2":0,"3":0,"4":0,"5":0,"6":0,"7":0,"8":0,"9":0,"10":0,"11":0,"12":4,"13":4},"f":{"0":0},"b":{}}
,"/Users/mkleen/Code/LuQS/server/lib/graph/graphRouter.ts": {"path":"/Users/mkleen/Code/LuQS/server/lib/graph/graphRouter.ts","statementMap":{"0":{"start":{"line":2,"column":0},"end":{"line":2,"column":36}},"1":{"start":{"line":3,"column":0},"end":{"line":3,"column":55}},"2":{"start":{"line":5,"column":0},"end":{"line":5,"column":88}},"3":{"start":{"line":7,"column":0},"end":{"line":7,"column":29}},"4":{"start":{"line":11,"column":13},"end":{"line":11,"column":91}},"5":{"start":{"line":12,"column":13},"end":{"line":12,"column":116}},"6":{"start":{"line":16,"column":8},"end":{"line":16,"column":50}},"7":{"start":{"line":20,"column":8},"end":{"line":40,"column":15}},"8":{"start":{"line":21,"column":55},"end":{"line":31,"column":13}},"9":{"start":{"line":22,"column":28},"end":{"line":29,"column":25}},"10":{"start":{"line":30,"column":16},"end":{"line":30,"column":43}},"11":{"start":{"line":32,"column":56},"end":{"line":40,"column":13}},"12":{"start":{"line":33,"column":35},"end":{"line":33,"column":43}},"13":{"start":{"line":34,"column":46},"end":{"line":34,"column":78}},"14":{"start":{"line":35,"column":16},"end":{"line":35,"column":48}},"15":{"start":{"line":36,"column":29},"end":{"line":36,"column":59}},"16":{"start":{"line":38,"column":16},"end":{"line":38,"column":49}},"17":{"start":{"line":39,"column":16},"end":{"line":39,"column":44}},"18":{"start":{"line":41,"column":8},"end":{"line":99,"column":15}},"19":{"start":{"line":42,"column":57},"end":{"line":47,"column":13}},"20":{"start":{"line":43,"column":27},"end":{"line":43,"column":40}},"21":{"start":{"line":44,"column":16},"end":{"line":44,"column":68}},"22":{"start":{"line":45,"column":29},"end":{"line":45,"column":65}},"23":{"start":{"line":46,"column":16},"end":{"line":46,"column":45}},"24":{"start":{"line":48,"column":55},"end":{"line":85,"column":13}},"25":{"start":{"line":49,"column":16},"end":{"line":84,"column":17}},"26":{"start":{"line":50,"column":20},"end":{"line":67,"column":21}},"27":{"start":{"line":51,"column":38},"end":{"line":58,"column":33}},"28":{"start":{"line":59,"column":24},"end":{"line":63,"column":25}},"29":{"start":{"line":60,"column":28},"end":{"line":60,"column":56}},"30":{"start":{"line":62,"column":28},"end":{"line":62,"column":50}},"31":{"start":{"line":66,"column":24},"end":{"line":66,"column":46}},"32":{"start":{"line":69,"column":20},"end":{"line":83,"column":21}},"33":{"start":{"line":70,"column":37},"end":{"line":78,"column":37}},"34":{"start":{"line":79,"column":24},"end":{"line":79,"column":52}},"35":{"start":{"line":82,"column":24},"end":{"line":82,"column":46}},"36":{"start":{"line":86,"column":58},"end":{"line":93,"column":13}},"37":{"start":{"line":87,"column":30},"end":{"line":87,"column":83}},"38":{"start":{"line":88,"column":16},"end":{"line":90,"column":17}},"39":{"start":{"line":89,"column":20},"end":{"line":89,"column":85}},"40":{"start":{"line":91,"column":16},"end":{"line":91,"column":37}},"41":{"start":{"line":92,"column":16},"end":{"line":92,"column":39}},"42":{"start":{"line":94,"column":55},"end":{"line":99,"column":13}},"43":{"start":{"line":95,"column":27},"end":{"line":95,"column":40}},"44":{"start":{"line":96,"column":16},"end":{"line":96,"column":68}},"45":{"start":{"line":97,"column":29},"end":{"line":97,"column":65}},"46":{"start":{"line":98,"column":16},"end":{"line":98,"column":45}},"47":{"start":{"line":100,"column":8},"end":{"line":109,"column":15}},"48":{"start":{"line":101,"column":56},"end":{"line":109,"column":13}},"49":{"start":{"line":103,"column":32},"end":{"line":103,"column":45}},"50":{"start":{"line":104,"column":29},"end":{"line":104,"column":69}},"51":{"start":{"line":106,"column":16},"end":{"line":106,"column":53}},"52":{"start":{"line":107,"column":16},"end":{"line":107,"column":36}},"53":{"start":{"line":108,"column":16},"end":{"line":108,"column":44}},"54":{"start":{"line":110,"column":8},"end":{"line":125,"column":15}},"55":{"start":{"line":111,"column":58},"end":{"line":125,"column":13}},"56":{"start":{"line":112,"column":32},"end":{"line":112,"column":45}},"57":{"start":{"line":113,"column":37},"end":{"line":113,"column":60}},"58":{"start":{"line":114,"column":16},"end":{"line":124,"column":18}},"59":{"start":{"line":118,"column":24},"end":{"line":122,"column":25}},"60":{"start":{"line":119,"column":28},"end":{"line":119,"column":45}},"61":{"start":{"line":121,"column":28},"end":{"line":121,"column":50}},"62":{"start":{"line":9,"column":0},"end":{"line":127,"column":1}}},"fnMap":{"0":{"name":"(anonymous_6)","decl":{"start":{"line":15,"column":4},"end":{"line":15,"column":15}},"loc":{"start":{"line":15,"column":51},"end":{"line":17,"column":5}}},"1":{"name":"(anonymous_7)","decl":{"start":{"line":19,"column":11},"end":{"line":19,"column":16}},"loc":{"start":{"line":19,"column":21},"end":{"line":126,"column":5}}},"2":{"name":"(anonymous_8)","decl":{"start":{"line":21,"column":17},"end":{"line":21,"column":24}},"loc":{"start":{"line":21,"column":55},"end":{"line":31,"column":13}}},"3":{"name":"(anonymous_9)","decl":{"start":{"line":21,"column":55},"end":{"line":null,"column":-1}},"loc":{"start":{"line":21,"column":55},"end":{"line":31,"column":13}}},"4":{"name":"(anonymous_10)","decl":{"start":{"line":32,"column":18},"end":{"line":32,"column":25}},"loc":{"start":{"line":32,"column":56},"end":{"line":40,"column":13}}},"5":{"name":"(anonymous_11)","decl":{"start":{"line":32,"column":56},"end":{"line":null,"column":-1}},"loc":{"start":{"line":32,"column":56},"end":{"line":40,"column":13}}},"6":{"name":"(anonymous_12)","decl":{"start":{"line":42,"column":19},"end":{"line":42,"column":26}},"loc":{"start":{"line":42,"column":57},"end":{"line":47,"column":13}}},"7":{"name":"(anonymous_13)","decl":{"start":{"line":42,"column":57},"end":{"line":null,"column":-1}},"loc":{"start":{"line":42,"column":57},"end":{"line":47,"column":13}}},"8":{"name":"(anonymous_14)","decl":{"start":{"line":48,"column":17},"end":{"line":48,"column":24}},"loc":{"start":{"line":48,"column":55},"end":{"line":85,"column":13}}},"9":{"name":"(anonymous_15)","decl":{"start":{"line":48,"column":55},"end":{"line":null,"column":-1}},"loc":{"start":{"line":48,"column":55},"end":{"line":85,"column":13}}},"10":{"name":"(anonymous_16)","decl":{"start":{"line":86,"column":20},"end":{"line":86,"column":27}},"loc":{"start":{"line":86,"column":58},"end":{"line":93,"column":13}}},"11":{"name":"(anonymous_17)","decl":{"start":{"line":86,"column":58},"end":{"line":null,"column":-1}},"loc":{"start":{"line":86,"column":58},"end":{"line":93,"column":13}}},"12":{"name":"(anonymous_18)","decl":{"start":{"line":94,"column":17},"end":{"line":94,"column":24}},"loc":{"start":{"line":94,"column":55},"end":{"line":99,"column":13}}},"13":{"name":"(anonymous_19)","decl":{"start":{"line":94,"column":55},"end":{"line":null,"column":-1}},"loc":{"start":{"line":94,"column":55},"end":{"line":99,"column":13}}},"14":{"name":"(anonymous_20)","decl":{"start":{"line":101,"column":18},"end":{"line":101,"column":25}},"loc":{"start":{"line":101,"column":56},"end":{"line":109,"column":13}}},"15":{"name":"(anonymous_21)","decl":{"start":{"line":101,"column":56},"end":{"line":null,"column":-1}},"loc":{"start":{"line":101,"column":56},"end":{"line":109,"column":13}}},"16":{"name":"(anonymous_22)","decl":{"start":{"line":111,"column":20},"end":{"line":111,"column":27}},"loc":{"start":{"line":111,"column":58},"end":{"line":125,"column":13}}},"17":{"name":"(anonymous_23)","decl":{"start":{"line":111,"column":58},"end":{"line":null,"column":-1}},"loc":{"start":{"line":111,"column":58},"end":{"line":125,"column":13}}},"18":{"name":"(anonymous_24)","decl":{"start":{"line":117,"column":20},"end":{"line":117,"column":29}},"loc":{"start":{"line":117,"column":38},"end":{"line":123,"column":21}}}},"branchMap":{"0":{"loc":{"start":{"line":49,"column":16},"end":{"line":84,"column":17}},"type":"if","locations":[{"start":{"line":49,"column":16},"end":{"line":84,"column":17}},{"start":{"line":49,"column":16},"end":{"line":84,"column":17}}]},"1":{"loc":{"start":{"line":59,"column":24},"end":{"line":63,"column":25}},"type":"if","locations":[{"start":{"line":59,"column":24},"end":{"line":63,"column":25}},{"start":{"line":59,"column":24},"end":{"line":63,"column":25}}]},"2":{"loc":{"start":{"line":88,"column":16},"end":{"line":90,"column":17}},"type":"if","locations":[{"start":{"line":88,"column":16},"end":{"line":90,"column":17}},{"start":{"line":88,"column":16},"end":{"line":90,"column":17}}]},"3":{"loc":{"start":{"line":118,"column":24},"end":{"line":122,"column":25}},"type":"if","locations":[{"start":{"line":118,"column":24},"end":{"line":122,"column":25}},{"start":{"line":118,"column":24},"end":{"line":122,"column":25}}]}},"s":{"0":4,"1":4,"2":4,"3":4,"4":4,"5":4,"6":4,"7":4,"8":0,"9":0,"10":0,"11":6,"12":6,"13":6,"14":6,"15":6,"16":6,"17":6,"18":4,"19":0,"20":0,"21":0,"22":0,"23":0,"24":7,"25":7,"26":6,"27":6,"28":5,"29":3,"30":2,"31":1,"32":1,"33":1,"34":1,"35":0,"36":1,"37":1,"38":1,"39":1,"40":1,"41":1,"42":1,"43":1,"44":1,"45":1,"46":1,"47":4,"48":0,"49":0,"50":0,"51":0,"52":0,"53":0,"54":4,"55":0,"56":0,"57":0,"58":0,"59":0,"60":0,"61":0,"62":4},"f":{"0":4,"1":4,"2":0,"3":0,"4":6,"5":6,"6":0,"7":0,"8":7,"9":7,"10":1,"11":1,"12":1,"13":1,"14":0,"15":0,"16":0,"17":0,"18":0},"b":{"0":[6,1],"1":[3,2],"2":[1,0],"3":[0,0]}}
,"/Users/mkleen/Code/LuQS/server/lib/query/esQueryBuilder.ts": {"path":"/Users/mkleen/Code/LuQS/server/lib/query/esQueryBuilder.ts","statementMap":{"0":{"start":{"line":2,"column":0},"end":{"line":2,"column":57}},"1":{"start":{"line":8,"column":8},"end":{"line":10,"column":9}},"2":{"start":{"line":9,"column":12},"end":{"line":9,"column":36}},"3":{"start":{"line":11,"column":22},"end":{"line":11,"column":73}},"4":{"start":{"line":11,"column":47},"end":{"line":11,"column":72}},"5":{"start":{"line":13,"column":8},"end":{"line":15,"column":9}},"6":{"start":{"line":14,"column":12},"end":{"line":14,"column":88}},"7":{"start":{"line":16,"column":8},"end":{"line":18,"column":9}},"8":{"start":{"line":17,"column":12},"end":{"line":17,"column":88}},"9":{"start":{"line":19,"column":8},"end":{"line":26,"column":9}},"10":{"start":{"line":30,"column":8},"end":{"line":49,"column":9}},"11":{"start":{"line":32,"column":16},"end":{"line":32,"column":68}},"12":{"start":{"line":35,"column":16},"end":{"line":35,"column":74}},"13":{"start":{"line":38,"column":16},"end":{"line":38,"column":74}},"14":{"start":{"line":41,"column":16},"end":{"line":41,"column":74}},"15":{"start":{"line":44,"column":16},"end":{"line":44,"column":75}},"16":{"start":{"line":47,"column":16},"end":{"line":47,"column":57}},"17":{"start":{"line":5,"column":0},"end":{"line":51,"column":1}}},"fnMap":{"0":{"name":"(anonymous_0)","decl":{"start":{"line":7,"column":4},"end":{"line":7,"column":9}},"loc":{"start":{"line":7,"column":47},"end":{"line":27,"column":5}}},"1":{"name":"(anonymous_1)","decl":{"start":{"line":11,"column":42},"end":{"line":11,"column":43}},"loc":{"start":{"line":11,"column":47},"end":{"line":11,"column":72}}},"2":{"name":"(anonymous_2)","decl":{"start":{"line":29,"column":4},"end":{"line":29,"column":9}},"loc":{"start":{"line":29,"column":48},"end":{"line":50,"column":5}}}},"branchMap":{"0":{"loc":{"start":{"line":8,"column":8},"end":{"line":10,"column":9}},"type":"if","locations":[{"start":{"line":8,"column":8},"end":{"line":10,"column":9}},{"start":{"line":8,"column":8},"end":{"line":10,"column":9}}]},"1":{"loc":{"start":{"line":13,"column":8},"end":{"line":15,"column":9}},"type":"if","locations":[{"start":{"line":13,"column":8},"end":{"line":15,"column":9}},{"start":{"line":13,"column":8},"end":{"line":15,"column":9}}]},"2":{"loc":{"start":{"line":16,"column":8},"end":{"line":18,"column":9}},"type":"if","locations":[{"start":{"line":16,"column":8},"end":{"line":18,"column":9}},{"start":{"line":16,"column":8},"end":{"line":18,"column":9}}]},"3":{"loc":{"start":{"line":31,"column":12},"end":{"line":33,"column":13}},"type":"switch","locations":[{"start":{"line":31,"column":12},"end":{"line":33,"column":13}},{"start":{"line":34,"column":12},"end":{"line":36,"column":13}},{"start":{"line":37,"column":12},"end":{"line":39,"column":13}},{"start":{"line":40,"column":12},"end":{"line":42,"column":13}},{"start":{"line":43,"column":12},"end":{"line":45,"column":13}},{"start":{"line":46,"column":12},"end":{"line":48,"column":13}}]}},"s":{"0":5,"1":0,"2":0,"3":0,"4":0,"5":0,"6":0,"7":0,"8":0,"9":0,"10":2,"11":1,"12":1,"13":0,"14":0,"15":0,"16":0,"17":5},"f":{"0":0,"1":0,"2":2},"b":{"0":[0,0],"1":[0,0],"2":[0,0],"3":[1,1,0,0,0,0]}}
,"/Users/mkleen/Code/LuQS/server/lib/query/esquery.ts": {"path":"/Users/mkleen/Code/LuQS/server/lib/query/esquery.ts","statementMap":{"0":{"start":{"line":4,"column":0},"end":{"line":6,"column":1}},"1":{"start":{"line":12,"column":8},"end":{"line":12,"column":35}},"2":{"start":{"line":8,"column":0},"end":{"line":14,"column":1}},"3":{"start":{"line":20,"column":8},"end":{"line":20,"column":49}},"4":{"start":{"line":16,"column":0},"end":{"line":22,"column":1}}},"fnMap":{"0":{"name":"(anonymous_0)","decl":{"start":{"line":11,"column":4},"end":{"line":11,"column":15}},"loc":{"start":{"line":11,"column":39},"end":{"line":13,"column":5}}},"1":{"name":"(anonymous_1)","decl":{"start":{"line":19,"column":4},"end":{"line":19,"column":15}},"loc":{"start":{"line":19,"column":57},"end":{"line":21,"column":5}}}},"branchMap":{},"s":{"0":5,"1":1,"2":5,"3":1,"4":5},"f":{"0":1,"1":1},"b":{}}
,"/Users/mkleen/Code/LuQS/server/lib/query/selector.ts": {"path":"/Users/mkleen/Code/LuQS/server/lib/query/selector.ts","statementMap":{"0":{"start":{"line":1,"column":0},"end":{"line":1,"column":55}},"1":{"start":{"line":17,"column":8},"end":{"line":17,"column":23}},"2":{"start":{"line":18,"column":8},"end":{"line":18,"column":27}},"3":{"start":{"line":19,"column":8},"end":{"line":19,"column":33}},"4":{"start":{"line":20,"column":8},"end":{"line":20,"column":35}},"5":{"start":{"line":23,"column":8},"end":{"line":23,"column":81}},"6":{"start":{"line":10,"column":0},"end":{"line":25,"column":1}},"7":{"start":{"line":30,"column":13},"end":{"line":35,"column":3}}},"fnMap":{"0":{"name":"(anonymous_0)","decl":{"start":{"line":16,"column":4},"end":{"line":16,"column":15}},"loc":{"start":{"line":16,"column":78},"end":{"line":21,"column":5}}},"1":{"name":"(anonymous_1)","decl":{"start":{"line":22,"column":4},"end":{"line":22,"column":9}},"loc":{"start":{"line":22,"column":32},"end":{"line":24,"column":5}}}},"branchMap":{},"s":{"0":5,"1":2,"2":2,"3":2,"4":2,"5":0,"6":5,"7":5},"f":{"0":2,"1":0},"b":{}}
,"/Users/mkleen/Code/LuQS/server/lib/query/selectorRouter.ts": {"path":"/Users/mkleen/Code/LuQS/server/lib/query/selectorRouter.ts","statementMap":{"0":{"start":{"line":2,"column":0},"end":{"line":2,"column":36}},"1":{"start":{"line":3,"column":0},"end":{"line":3,"column":78}},"2":{"start":{"line":8,"column":13},"end":{"line":8,"column":106}},"3":{"start":{"line":11,"column":8},"end":{"line":19,"column":15}},"4":{"start":{"line":12,"column":55},"end":{"line":15,"column":13}},"5":{"start":{"line":13,"column":29},"end":{"line":13,"column":62}},"6":{"start":{"line":14,"column":16},"end":{"line":14,"column":44}},"7":{"start":{"line":16,"column":56},"end":{"line":19,"column":13}},"8":{"start":{"line":17,"column":29},"end":{"line":17,"column":65}},"9":{"start":{"line":18,"column":16},"end":{"line":18,"column":44}},"10":{"start":{"line":20,"column":8},"end":{"line":35,"column":15}},"11":{"start":{"line":21,"column":55},"end":{"line":25,"column":13}},"12":{"start":{"line":22,"column":27},"end":{"line":22,"column":40}},"13":{"start":{"line":23,"column":40},"end":{"line":23,"column":85}},"14":{"start":{"line":24,"column":16},"end":{"line":24,"column":44}},"15":{"start":{"line":26,"column":58},"end":{"line":30,"column":13}},"16":{"start":{"line":27,"column":27},"end":{"line":27,"column":40}},"17":{"start":{"line":28,"column":29},"end":{"line":28,"column":76}},"18":{"start":{"line":29,"column":16},"end":{"line":29,"column":44}},"19":{"start":{"line":31,"column":55},"end":{"line":35,"column":13}},"20":{"start":{"line":32,"column":27},"end":{"line":32,"column":40}},"21":{"start":{"line":33,"column":29},"end":{"line":33,"column":86}},"22":{"start":{"line":34,"column":16},"end":{"line":34,"column":44}},"23":{"start":{"line":6,"column":0},"end":{"line":37,"column":1}}},"fnMap":{"0":{"name":"(anonymous_6)","decl":{"start":{"line":6,"column":0},"end":{"line":null,"column":-1}},"loc":{"start":{"line":6,"column":0},"end":{"line":37,"column":1}}},"1":{"name":"(anonymous_7)","decl":{"start":{"line":10,"column":11},"end":{"line":10,"column":16}},"loc":{"start":{"line":10,"column":21},"end":{"line":36,"column":5}}},"2":{"name":"(anonymous_8)","decl":{"start":{"line":12,"column":17},"end":{"line":12,"column":24}},"loc":{"start":{"line":12,"column":55},"end":{"line":15,"column":13}}},"3":{"name":"(anonymous_9)","decl":{"start":{"line":12,"column":55},"end":{"line":null,"column":-1}},"loc":{"start":{"line":12,"column":55},"end":{"line":15,"column":13}}},"4":{"name":"(anonymous_10)","decl":{"start":{"line":16,"column":18},"end":{"line":16,"column":25}},"loc":{"start":{"line":16,"column":56},"end":{"line":19,"column":13}}},"5":{"name":"(anonymous_11)","decl":{"start":{"line":16,"column":56},"end":{"line":null,"column":-1}},"loc":{"start":{"line":16,"column":56},"end":{"line":19,"column":13}}},"6":{"name":"(anonymous_12)","decl":{"start":{"line":21,"column":17},"end":{"line":21,"column":24}},"loc":{"start":{"line":21,"column":55},"end":{"line":25,"column":13}}},"7":{"name":"(anonymous_13)","decl":{"start":{"line":21,"column":55},"end":{"line":null,"column":-1}},"loc":{"start":{"line":21,"column":55},"end":{"line":25,"column":13}}},"8":{"name":"(anonymous_14)","decl":{"start":{"line":26,"column":20},"end":{"line":26,"column":27}},"loc":{"start":{"line":26,"column":58},"end":{"line":30,"column":13}}},"9":{"name":"(anonymous_15)","decl":{"start":{"line":26,"column":58},"end":{"line":null,"column":-1}},"loc":{"start":{"line":26,"column":58},"end":{"line":30,"column":13}}},"10":{"name":"(anonymous_16)","decl":{"start":{"line":31,"column":17},"end":{"line":31,"column":24}},"loc":{"start":{"line":31,"column":55},"end":{"line":35,"column":13}}},"11":{"name":"(anonymous_17)","decl":{"start":{"line":31,"column":55},"end":{"line":null,"column":-1}},"loc":{"start":{"line":31,"column":55},"end":{"line":35,"column":13}}}},"branchMap":{},"s":{"0":4,"1":4,"2":4,"3":4,"4":0,"5":0,"6":0,"7":1,"8":1,"9":1,"10":4,"11":0,"12":0,"13":0,"14":0,"15":0,"16":0,"17":0,"18":0,"19":0,"20":0,"21":0,"22":0,"23":4},"f":{"0":4,"1":4,"2":0,"3":0,"4":1,"5":1,"6":0,"7":0,"8":0,"9":0,"10":0,"11":0},"b":{}}
,"/Users/mkleen/Code/LuQS/server/lib/util/result.ts": {"path":"/Users/mkleen/Code/LuQS/server/lib/util/result.ts","statementMap":{"0":{"start":{"line":5,"column":8},"end":{"line":5,"column":25}},"1":{"start":{"line":1,"column":0},"end":{"line":7,"column":1}}},"fnMap":{"0":{"name":"(anonymous_0)","decl":{"start":{"line":4,"column":4},"end":{"line":4,"column":15}},"loc":{"start":{"line":4,"column":30},"end":{"line":6,"column":5}}}},"branchMap":{},"s":{"0":0,"1":4},"f":{"0":0},"b":{}}
}
