{"/Users/mkleen/Code/LuQS/server/lib/query/convertToElasticSearchQuery.ts": {"path":"/Users/mkleen/Code/LuQS/server/lib/query/convertToElasticSearchQuery.ts","statementMap":{"0":{"start":{"line":4,"column":21},"end":{"line":4,"column":38}},"1":{"start":{"line":5,"column":4},"end":{"line":12,"column":5}},"2":{"start":{"line":7,"column":12},"end":{"line":7,"column":64}},"3":{"start":{"line":10,"column":12},"end":{"line":10,"column":52}},"4":{"start":{"line":3,"column":0},"end":{"line":13,"column":1}},"5":{"start":{"line":24,"column":8},"end":{"line":24,"column":23}},"6":{"start":{"line":25,"column":8},"end":{"line":25,"column":27}},"7":{"start":{"line":29,"column":19},"end":{"line":29,"column":21}},"8":{"start":{"line":30,"column":8},"end":{"line":30,"column":36}},"9":{"start":{"line":31,"column":21},"end":{"line":33,"column":9}},"10":{"start":{"line":34,"column":8},"end":{"line":34,"column":36}},"11":{"start":{"line":19,"column":0},"end":{"line":36,"column":1}}},"fnMap":{"0":{"name":"convertToElasticSearchQuery","decl":{"start":{"line":3,"column":16},"end":{"line":3,"column":43}},"loc":{"start":{"line":3,"column":63},"end":{"line":13,"column":1}}},"1":{"name":"(anonymous_1)","decl":{"start":{"line":23,"column":4},"end":{"line":23,"column":15}},"loc":{"start":{"line":23,"column":39},"end":{"line":26,"column":5}}},"2":{"name":"(anonymous_2)","decl":{"start":{"line":28,"column":4},"end":{"line":28,"column":9}},"loc":{"start":{"line":28,"column":10},"end":{"line":35,"column":5}}}},"branchMap":{"0":{"loc":{"start":{"line":6,"column":8},"end":{"line":8,"column":9}},"type":"switch","locations":[{"start":{"line":6,"column":8},"end":{"line":8,"column":9}},{"start":{"line":9,"column":8},"end":{"line":11,"column":9}}]}},"s":{"0":1,"1":1,"2":1,"3":0,"4":1,"5":2,"6":2,"7":0,"8":0,"9":0,"10":0,"11":1},"f":{"0":1,"1":2,"2":0},"b":{"0":[1,0]}}
,"/Users/mkleen/Code/LuQS/server/lib/query/selector.ts": {"path":"/Users/mkleen/Code/LuQS/server/lib/query/selector.ts","statementMap":{"0":{"start":{"line":1,"column":0},"end":{"line":1,"column":55}},"1":{"start":{"line":17,"column":33},"end":{"line":17,"column":47}},"2":{"start":{"line":18,"column":8},"end":{"line":18,"column":32}},"3":{"start":{"line":19,"column":8},"end":{"line":19,"column":36}},"4":{"start":{"line":20,"column":8},"end":{"line":20,"column":42}},"5":{"start":{"line":21,"column":8},"end":{"line":21,"column":44}},"6":{"start":{"line":22,"column":8},"end":{"line":22,"column":24}},"7":{"start":{"line":10,"column":0},"end":{"line":24,"column":1}},"8":{"start":{"line":29,"column":13},"end":{"line":34,"column":3}}},"fnMap":{"0":{"name":"(anonymous_0)","decl":{"start":{"line":16,"column":4},"end":{"line":16,"column":9}},"loc":{"start":{"line":16,"column":32},"end":{"line":23,"column":5}}}},"branchMap":{},"s":{"0":1,"1":0,"2":0,"3":0,"4":0,"5":0,"6":0,"7":1,"8":1},"f":{"0":0},"b":{}}
}
