TN:
SF:/Users/mkleen/Code/LuQS/server/lib/app.ts
FN:10,(anonymous_0)
FN:17,(anonymous_1)
FNF:2
FNH:2
FNDA:4,(anonymous_0)
FNDA:4,(anonymous_1)
DA:1,4
DA:2,4
DA:3,4
DA:8,4
DA:11,4
DA:12,4
DA:13,4
DA:18,4
DA:19,4
DA:24,4
LF:10
LH:10
BRF:0
BRH:0
end_of_record
TN:
SF:/Users/mkleen/Code/LuQS/server/lib/router.ts
FN:17,(anonymous_0)
FN:36,(anonymous_1)
FN:38,(anonymous_2)
FNF:3
FNH:3
FNDA:4,(anonymous_0)
FNDA:4,(anonymous_1)
FNDA:1,(anonymous_2)
DA:2,4
DA:3,4
DA:4,4
DA:5,4
DA:6,4
DA:7,4
DA:8,4
DA:10,4
DA:11,4
DA:12,4
DA:13,4
DA:14,4
DA:15,4
DA:17,4
DA:19,4
DA:20,4
DA:21,4
DA:22,4
DA:24,4
DA:25,4
DA:26,4
DA:28,4
DA:29,4
DA:30,4
DA:31,4
DA:32,4
DA:33,4
DA:34,4
DA:37,4
DA:39,1
DA:44,4
DA:45,4
DA:46,4
DA:47,4
DA:48,4
DA:49,4
DA:50,4
LF:37
LH:37
BRF:0
BRH:0
end_of_record
TN:
SF:/Users/mkleen/Code/LuQS/server/lib/activity/ActivityGenerator.ts
FN:5,(anonymous_0)
FN:28,(anonymous_1)
FN:32,(anonymous_2)
FNF:3
FNH:0
FNDA:0,(anonymous_0)
FNDA:0,(anonymous_1)
FNDA:0,(anonymous_2)
DA:1,4
DA:3,4
DA:6,0
DA:7,0
DA:8,0
DA:9,0
DA:10,0
DA:11,0
DA:12,0
DA:13,0
DA:14,0
DA:15,0
DA:16,0
DA:17,0
DA:18,0
DA:19,0
DA:20,0
DA:21,0
DA:22,0
DA:24,0
DA:25,0
DA:29,0
DA:33,0
DA:34,0
DA:36,0
DA:37,0
DA:39,0
DA:40,0
DA:41,0
DA:42,0
LF:30
LH:2
BRDA:7,0,0,0
BRDA:7,0,1,0
BRDA:11,1,0,0
BRDA:11,1,1,0
BRDA:11,2,0,0
BRDA:11,2,1,0
BRDA:15,3,0,0
BRDA:15,3,1,0
BRDA:15,4,0,0
BRDA:15,4,1,0
BRDA:19,5,0,0
BRDA:19,5,1,0
BRDA:34,6,0,0
BRDA:34,6,1,0
BRDA:37,7,0,0
BRDA:37,7,1,0
BRDA:40,8,0,0
BRDA:40,8,1,0
BRF:18
BRH:0
end_of_record
TN:
SF:/Users/mkleen/Code/LuQS/server/lib/activity/activity.ts
FNF:0
FNH:0
DA:1,4
LF:1
LH:1
BRF:0
BRH:0
end_of_record
TN:
SF:/Users/mkleen/Code/LuQS/server/lib/activity/activityRouter.ts
FN:9,(anonymous_6)
FN:13,(anonymous_7)
FN:15,(anonymous_8)
FN:15,(anonymous_9)
FN:23,(anonymous_10)
FN:23,(anonymous_11)
FN:32,(anonymous_12)
FN:32,(anonymous_13)
FNF:8
FNH:4
FNDA:4,(anonymous_6)
FNDA:4,(anonymous_7)
FNDA:0,(anonymous_8)
FNDA:0,(anonymous_9)
FNDA:1,(anonymous_10)
FNDA:1,(anonymous_11)
FNDA:0,(anonymous_12)
FNDA:0,(anonymous_13)
DA:3,4
DA:5,4
DA:10,4
DA:14,4
DA:15,0
DA:16,0
DA:17,0
DA:18,0
DA:20,0
DA:23,1
DA:24,1
DA:25,1
DA:26,1
DA:28,0
DA:31,4
DA:32,0
DA:33,0
DA:34,0
LF:18
LH:9
BRF:0
BRH:0
end_of_record
TN:
SF:/Users/mkleen/Code/LuQS/server/lib/activity/activityService.ts
FN:13,(anonymous_6)
FN:19,(anonymous_7)
FN:24,(anonymous_9)
FN:27,(anonymous_10)
FN:38,(anonymous_12)
FN:46,(anonymous_14)
FN:56,(anonymous_15)
FN:61,(anonymous_17)
FN:65,(anonymous_19)
FN:70,(anonymous_21)
FNF:10
FNH:3
FNDA:4,(anonymous_6)
FNDA:0,(anonymous_7)
FNDA:0,(anonymous_9)
FNDA:1,(anonymous_10)
FNDA:0,(anonymous_12)
FNDA:1,(anonymous_14)
FNDA:0,(anonymous_15)
FNDA:0,(anonymous_17)
FNDA:0,(anonymous_19)
FNDA:0,(anonymous_21)
DA:2,4
DA:4,4
DA:5,4
DA:7,4
DA:14,4
DA:15,4
DA:16,4
DA:20,0
DA:24,0
DA:28,1
DA:29,1
DA:35,1
DA:39,0
DA:47,1
DA:48,1
DA:50,1
DA:51,1
DA:53,1
DA:57,0
DA:58,0
DA:62,0
DA:66,0
DA:67,0
DA:69,0
DA:70,0
DA:71,0
LF:26
LH:15
BRDA:47,0,0,1
BRDA:47,0,1,0
BRDA:50,1,0,1
BRDA:50,1,1,0
BRF:4
BRH:2
end_of_record
TN:
SF:/Users/mkleen/Code/LuQS/server/lib/admin/adminRouter.ts
FN:8,(anonymous_6)
FN:12,(anonymous_7)
FN:14,(anonymous_8)
FN:14,(anonymous_9)
FN:21,(anonymous_10)
FN:21,(anonymous_11)
FN:26,(anonymous_12)
FN:26,(anonymous_13)
FNF:8
FNH:2
FNDA:4,(anonymous_6)
FNDA:4,(anonymous_7)
FNDA:0,(anonymous_8)
FNDA:0,(anonymous_9)
FNDA:0,(anonymous_10)
FNDA:0,(anonymous_11)
FNDA:0,(anonymous_12)
FNDA:0,(anonymous_13)
DA:4,4
DA:9,4
DA:13,4
DA:14,0
DA:15,0
DA:18,0
DA:20,4
DA:21,0
DA:22,0
DA:23,0
DA:25,4
DA:26,0
DA:27,0
DA:28,0
LF:14
LH:5
BRF:0
BRH:0
end_of_record
TN:
SF:/Users/mkleen/Code/LuQS/server/lib/core/db/mongo.ts
FN:3,(anonymous_0)
FN:6,(anonymous_1)
FN:7,(anonymous_2)
FN:17,(anonymous_3)
FNF:4
FNH:4
FNDA:3,(anonymous_0)
FNDA:18,(anonymous_1)
FNDA:18,(anonymous_2)
FNDA:18,(anonymous_3)
DA:1,3
DA:3,3
DA:4,3
DA:7,18
DA:8,18
DA:9,0
DA:11,18
DA:18,18
LF:8
LH:7
BRDA:8,0,0,0
BRDA:8,0,1,18
BRF:2
BRH:1
end_of_record
TN:
SF:/Users/mkleen/Code/LuQS/server/lib/dashboard/dashboard.ts
FNF:0
FNH:0
DA:1,4
DA:13,4
LF:2
LH:2
BRF:0
BRH:0
end_of_record
TN:
SF:/Users/mkleen/Code/LuQS/server/lib/dashboard/dashboardRouter.ts
FN:10,(anonymous_6)
FN:14,(anonymous_7)
FN:16,(anonymous_8)
FN:16,(anonymous_9)
FN:20,(anonymous_10)
FN:20,(anonymous_11)
FN:26,(anonymous_12)
FN:26,(anonymous_13)
FN:45,(anonymous_14)
FN:45,(anonymous_15)
FN:50,(anonymous_16)
FN:50,(anonymous_17)
FN:60,(anonymous_18)
FN:60,(anonymous_19)
FN:73,(anonymous_20)
FN:73,(anonymous_21)
FN:91,(anonymous_22)
FN:91,(anonymous_23)
FN:98,(anonymous_24)
FNF:19
FNH:14
FNDA:4,(anonymous_6)
FNDA:4,(anonymous_7)
FNDA:0,(anonymous_8)
FNDA:0,(anonymous_9)
FNDA:4,(anonymous_10)
FNDA:4,(anonymous_11)
FNDA:6,(anonymous_12)
FNDA:6,(anonymous_13)
FNDA:1,(anonymous_14)
FNDA:1,(anonymous_15)
FNDA:1,(anonymous_16)
FNDA:1,(anonymous_17)
FNDA:2,(anonymous_18)
FNDA:2,(anonymous_19)
FNDA:1,(anonymous_20)
FNDA:1,(anonymous_21)
FNDA:0,(anonymous_22)
FNDA:0,(anonymous_23)
FNDA:0,(anonymous_24)
DA:2,4
DA:3,4
DA:5,4
DA:6,4
DA:10,4
DA:12,4
DA:15,4
DA:16,0
DA:17,0
DA:18,0
DA:20,4
DA:22,4
DA:23,4
DA:25,4
DA:26,6
DA:27,6
DA:28,6
DA:29,6
DA:30,6
DA:31,0
DA:33,6
DA:34,5
DA:35,2
DA:36,2
DA:38,3
DA:41,1
DA:45,1
DA:46,1
DA:47,1
DA:48,1
DA:50,1
DA:51,1
DA:52,1
DA:53,1
DA:54,1
DA:56,4
DA:60,2
DA:61,2
DA:62,2
DA:63,1
DA:66,1
DA:67,1
DA:69,1
DA:70,1
DA:71,1
DA:73,1
DA:74,1
DA:75,1
DA:88,1
DA:90,4
DA:91,0
DA:93,0
DA:94,0
DA:95,0
DA:99,0
DA:100,0
DA:102,0
LF:57
LH:46
BRDA:30,0,0,0
BRDA:30,0,1,6
BRDA:34,1,0,2
BRDA:34,1,1,3
BRDA:62,2,0,1
BRDA:62,2,1,1
BRDA:99,3,0,0
BRDA:99,3,1,0
BRF:8
BRH:5
end_of_record
TN:
SF:/Users/mkleen/Code/LuQS/server/lib/datapoint/datapointModel.ts
FN:13,(anonymous_6)
FN:17,(anonymous_7)
FN:26,(anonymous_9)
FN:35,(anonymous_10)
FNF:4
FNH:1
FNDA:4,(anonymous_6)
FNDA:0,(anonymous_7)
FNDA:0,(anonymous_9)
FNDA:0,(anonymous_10)
DA:1,4
DA:6,4
DA:8,4
DA:11,4
DA:14,4
DA:18,0
DA:19,0
DA:20,0
DA:21,0
DA:22,0
DA:23,0
DA:24,0
DA:25,0
DA:26,0
DA:27,0
DA:30,0
DA:32,0
DA:36,0
LF:18
LH:5
BRDA:19,0,0,0
BRDA:19,0,1,0
BRDA:24,1,0,0
BRDA:24,1,1,0
BRDA:26,2,0,0
BRDA:26,2,1,0
BRF:6
BRH:0
end_of_record
TN:
SF:/Users/mkleen/Code/LuQS/server/lib/datapoint/datapointQuery.ts
FN:3,(anonymous_0)
FN:10,(anonymous_1)
FN:14,(anonymous_2)
FNF:3
FNH:0
FNDA:0,(anonymous_0)
FNDA:0,(anonymous_1)
FNDA:0,(anonymous_2)
DA:3,4
DA:7,0
DA:11,0
DA:15,0
LF:4
LH:1
BRDA:11,0,0,0
BRDA:11,0,1,0
BRDA:11,0,2,0
BRDA:15,1,0,0
BRDA:15,1,1,0
BRF:5
BRH:0
end_of_record
TN:
SF:/Users/mkleen/Code/LuQS/server/lib/datapoint/datapointRouter.ts
FN:9,(anonymous_6)
FN:13,(anonymous_7)
FN:15,(anonymous_8)
FN:15,(anonymous_9)
FNF:4
FNH:2
FNDA:4,(anonymous_6)
FNDA:4,(anonymous_7)
FNDA:0,(anonymous_8)
FNDA:0,(anonymous_9)
DA:2,4
DA:5,4
DA:10,4
DA:14,4
DA:15,0
DA:16,0
DA:17,0
DA:18,0
DA:20,0
DA:21,0
DA:23,0
DA:25,0
DA:27,0
DA:28,0
DA:30,0
LF:15
LH:4
BRDA:17,0,0,0
BRDA:17,0,1,0
BRDA:20,1,0,0
BRDA:20,1,1,0
BRDA:27,2,0,0
BRDA:27,2,1,0
BRF:6
BRH:0
end_of_record
TN:
SF:/Users/mkleen/Code/LuQS/server/lib/datapoint/datapointService.ts
FN:13,(anonymous_6)
FN:19,(anonymous_7)
FN:35,(anonymous_9)
FN:38,(anonymous_10)
FN:48,(anonymous_11)
FNF:5
FNH:1
FNDA:4,(anonymous_6)
FNDA:0,(anonymous_7)
FNDA:0,(anonymous_9)
FNDA:0,(anonymous_10)
FNDA:0,(anonymous_11)
DA:3,4
DA:4,4
DA:7,4
DA:14,4
DA:15,4
DA:16,4
DA:20,0
DA:21,0
DA:22,0
DA:27,0
DA:32,0
DA:36,0
DA:37,0
DA:38,0
DA:39,0
DA:40,0
DA:41,0
DA:43,0
DA:44,0
DA:45,0
DA:49,0
LF:21
LH:6
BRF:0
BRH:0
end_of_record
TN:
SF:/Users/mkleen/Code/LuQS/server/lib/datapoint/datapoints.ts
FNF:0
FNH:0
DA:3,4
LF:1
LH:1
BRF:0
BRH:0
end_of_record
TN:
SF:/Users/mkleen/Code/LuQS/server/lib/dataseries/dataseries.ts
FN:19,(anonymous_0)
FNF:1
FNH:0
FNDA:0,(anonymous_0)
DA:1,4
DA:12,4
DA:20,0
DA:21,0
DA:22,0
DA:23,0
DA:24,0
DA:25,0
DA:26,0
DA:33,4
LF:10
LH:3
BRF:0
BRH:0
end_of_record
TN:
SF:/Users/mkleen/Code/LuQS/server/lib/dataseries/dataseriesRouter.ts
FN:8,(anonymous_6)
FN:13,(anonymous_7)
FN:15,(anonymous_8)
FN:15,(anonymous_9)
FN:19,(anonymous_10)
FN:19,(anonymous_11)
FN:24,(anonymous_12)
FN:24,(anonymous_13)
FN:38,(anonymous_14)
FN:38,(anonymous_15)
FN:43,(anonymous_16)
FN:43,(anonymous_17)
FN:50,(anonymous_18)
FN:50,(anonymous_19)
FN:61,(anonymous_20)
FN:61,(anonymous_21)
FN:67,(anonymous_22)
FNF:17
FNH:12
FNDA:4,(anonymous_6)
FNDA:4,(anonymous_7)
FNDA:0,(anonymous_8)
FNDA:0,(anonymous_9)
FNDA:4,(anonymous_10)
FNDA:4,(anonymous_11)
FNDA:7,(anonymous_12)
FNDA:7,(anonymous_13)
FNDA:1,(anonymous_14)
FNDA:1,(anonymous_15)
FNDA:1,(anonymous_16)
FNDA:1,(anonymous_17)
FNDA:1,(anonymous_18)
FNDA:1,(anonymous_19)
FNDA:0,(anonymous_20)
FNDA:0,(anonymous_21)
FNDA:0,(anonymous_22)
DA:2,4
DA:3,4
DA:5,4
DA:6,4
DA:8,4
DA:10,4
DA:11,4
DA:14,4
DA:15,0
DA:16,0
DA:17,0
DA:19,4
DA:20,4
DA:21,4
DA:23,4
DA:24,7
DA:25,7
DA:26,7
DA:27,7
DA:28,6
DA:29,4
DA:31,2
DA:35,1
DA:38,1
DA:39,1
DA:40,1
DA:41,1
DA:43,1
DA:44,1
DA:45,1
DA:46,1
DA:47,1
DA:49,4
DA:50,1
DA:51,1
DA:52,1
DA:54,1
DA:55,1
DA:56,1
DA:57,1
DA:60,4
DA:61,0
DA:62,0
DA:63,0
DA:64,0
DA:68,0
DA:69,0
DA:71,0
LF:48
LH:38
BRDA:28,0,0,4
BRDA:28,0,1,2
BRDA:68,1,0,0
BRDA:68,1,1,0
BRF:4
BRH:2
end_of_record
TN:
SF:/Users/mkleen/Code/LuQS/server/lib/graph/graph.ts
FN:27,(anonymous_0)
FNF:1
FNH:0
FNDA:0,(anonymous_0)
DA:1,4
DA:16,4
DA:28,0
DA:29,0
DA:30,0
DA:31,0
DA:32,0
DA:33,0
DA:34,0
DA:35,0
DA:36,0
DA:37,0
DA:38,0
DA:46,4
LF:14
LH:3
BRF:0
BRH:0
end_of_record
TN:
SF:/Users/mkleen/Code/LuQS/server/lib/graph/graphRouter.ts
FN:15,(anonymous_6)
FN:19,(anonymous_7)
FN:21,(anonymous_8)
FN:21,(anonymous_9)
FN:32,(anonymous_10)
FN:32,(anonymous_11)
FN:42,(anonymous_12)
FN:42,(anonymous_13)
FN:48,(anonymous_14)
FN:48,(anonymous_15)
FN:86,(anonymous_16)
FN:86,(anonymous_17)
FN:94,(anonymous_18)
FN:94,(anonymous_19)
FN:101,(anonymous_20)
FN:101,(anonymous_21)
FN:111,(anonymous_22)
FN:111,(anonymous_23)
FN:117,(anonymous_24)
FNF:19
FNH:10
FNDA:4,(anonymous_6)
FNDA:4,(anonymous_7)
FNDA:0,(anonymous_8)
FNDA:0,(anonymous_9)
FNDA:6,(anonymous_10)
FNDA:6,(anonymous_11)
FNDA:0,(anonymous_12)
FNDA:0,(anonymous_13)
FNDA:7,(anonymous_14)
FNDA:7,(anonymous_15)
FNDA:1,(anonymous_16)
FNDA:1,(anonymous_17)
FNDA:1,(anonymous_18)
FNDA:1,(anonymous_19)
FNDA:0,(anonymous_20)
FNDA:0,(anonymous_21)
FNDA:0,(anonymous_22)
FNDA:0,(anonymous_23)
FNDA:0,(anonymous_24)
DA:2,4
DA:3,4
DA:5,4
DA:7,4
DA:9,4
DA:11,4
DA:12,4
DA:16,4
DA:20,4
DA:21,0
DA:22,0
DA:30,0
DA:32,6
DA:33,6
DA:34,6
DA:35,6
DA:36,6
DA:38,6
DA:39,6
DA:41,4
DA:42,0
DA:43,0
DA:44,0
DA:45,0
DA:46,0
DA:48,7
DA:49,7
DA:50,6
DA:51,6
DA:59,5
DA:60,3
DA:62,2
DA:66,1
DA:69,1
DA:70,1
DA:79,1
DA:82,0
DA:86,1
DA:87,1
DA:88,1
DA:89,1
DA:91,1
DA:92,1
DA:94,1
DA:95,1
DA:96,1
DA:97,1
DA:98,1
DA:100,4
DA:101,0
DA:103,0
DA:104,0
DA:106,0
DA:107,0
DA:108,0
DA:110,4
DA:111,0
DA:112,0
DA:113,0
DA:114,0
DA:118,0
DA:119,0
DA:121,0
LF:63
LH:41
BRDA:49,0,0,6
BRDA:49,0,1,1
BRDA:59,1,0,3
BRDA:59,1,1,2
BRDA:88,2,0,1
BRDA:88,2,1,0
BRDA:118,3,0,0
BRDA:118,3,1,0
BRF:8
BRH:5
end_of_record
TN:
SF:/Users/mkleen/Code/LuQS/server/lib/query/esQueryBuilder.ts
FN:7,(anonymous_0)
FN:11,(anonymous_1)
FN:29,(anonymous_2)
FNF:3
FNH:1
FNDA:0,(anonymous_0)
FNDA:0,(anonymous_1)
FNDA:2,(anonymous_2)
DA:2,5
DA:5,5
DA:8,0
DA:9,0
DA:11,0
DA:13,0
DA:14,0
DA:16,0
DA:17,0
DA:19,0
DA:30,2
DA:32,1
DA:35,1
DA:38,0
DA:41,0
DA:44,0
DA:47,0
LF:17
LH:5
BRDA:8,0,0,0
BRDA:8,0,1,0
BRDA:13,1,0,0
BRDA:13,1,1,0
BRDA:16,2,0,0
BRDA:16,2,1,0
BRDA:31,3,0,1
BRDA:31,3,1,1
BRDA:31,3,2,0
BRDA:31,3,3,0
BRDA:31,3,4,0
BRDA:31,3,5,0
BRF:12
BRH:2
end_of_record
TN:
SF:/Users/mkleen/Code/LuQS/server/lib/query/esquery.ts
FN:11,(anonymous_0)
FN:19,(anonymous_1)
FNF:2
FNH:2
FNDA:1,(anonymous_0)
FNDA:1,(anonymous_1)
DA:4,5
DA:8,5
DA:12,1
DA:16,5
DA:20,1
LF:5
LH:5
BRF:0
BRH:0
end_of_record
TN:
SF:/Users/mkleen/Code/LuQS/server/lib/query/selector.ts
FN:16,(anonymous_0)
FN:22,(anonymous_1)
FNF:2
FNH:1
FNDA:2,(anonymous_0)
FNDA:0,(anonymous_1)
DA:1,5
DA:10,5
DA:17,2
DA:18,2
DA:19,2
DA:20,2
DA:23,0
DA:30,5
LF:8
LH:7
BRF:0
BRH:0
end_of_record
TN:
SF:/Users/mkleen/Code/LuQS/server/lib/query/selectorRouter.ts
FN:6,(anonymous_6)
FN:10,(anonymous_7)
FN:12,(anonymous_8)
FN:12,(anonymous_9)
FN:16,(anonymous_10)
FN:16,(anonymous_11)
FN:21,(anonymous_12)
FN:21,(anonymous_13)
FN:26,(anonymous_14)
FN:26,(anonymous_15)
FN:31,(anonymous_16)
FN:31,(anonymous_17)
FNF:12
FNH:4
FNDA:4,(anonymous_6)
FNDA:4,(anonymous_7)
FNDA:0,(anonymous_8)
FNDA:0,(anonymous_9)
FNDA:1,(anonymous_10)
FNDA:1,(anonymous_11)
FNDA:0,(anonymous_12)
FNDA:0,(anonymous_13)
FNDA:0,(anonymous_14)
FNDA:0,(anonymous_15)
FNDA:0,(anonymous_16)
FNDA:0,(anonymous_17)
DA:2,4
DA:3,4
DA:6,4
DA:8,4
DA:11,4
DA:12,0
DA:13,0
DA:14,0
DA:16,1
DA:17,1
DA:18,1
DA:20,4
DA:21,0
DA:22,0
DA:23,0
DA:24,0
DA:26,0
DA:27,0
DA:28,0
DA:29,0
DA:31,0
DA:32,0
DA:33,0
DA:34,0
LF:24
LH:9
BRF:0
BRH:0
end_of_record
TN:
SF:/Users/mkleen/Code/LuQS/server/lib/util/result.ts
FN:4,(anonymous_0)
FNF:1
FNH:0
FNDA:0,(anonymous_0)
DA:1,4
DA:5,0
LF:2
LH:1
BRF:0
BRH:0
end_of_record
