TN:
SF:/Users/mkleen/Code/LuQS/server/lib/query/convertToElasticSearchQuery.ts
FN:3,convertToElasticSearchQuery
FN:23,(anonymous_1)
FN:28,(anonymous_2)
FNF:3
FNH:2
FNDA:1,convertToElasticSearchQuery
FNDA:2,(anonymous_1)
FNDA:0,(anonymous_2)
DA:3,1
DA:4,1
DA:5,1
DA:7,1
DA:10,0
DA:19,1
DA:24,2
DA:25,2
DA:29,0
DA:30,0
DA:31,0
DA:34,0
LF:12
LH:7
BRDA:6,0,0,1
BRDA:6,0,1,0
BRF:2
BRH:1
end_of_record
TN:
SF:/Users/mkleen/Code/LuQS/server/lib/query/selector.ts
FN:16,(anonymous_0)
FNF:1
FNH:0
FNDA:0,(anonymous_0)
DA:1,1
DA:10,1
DA:17,0
DA:18,0
DA:19,0
DA:20,0
DA:21,0
DA:22,0
DA:29,1
LF:9
LH:3
BRF:0
BRH:0
end_of_record
